[29/Feb/2012:02:44:16] ENGINE Listening for SIGHUP.
[29/Feb/2012:02:44:16] ENGINE Listening for SIGTERM.
[29/Feb/2012:02:44:16] ENGINE Listening for SIGUSR1.
[29/Feb/2012:02:44:16] ENGINE Bus STARTING
[29/Feb/2012:02:44:16] ENGINE Started monitor thread '_TimeoutMonitor'.
[29/Feb/2012:02:44:17] ENGINE Serving on 0.0.0.0:8081
[29/Feb/2012:02:44:17] ENGINE Bus STARTED
[29/Feb/2012:02:44:44] ENGINE Keyboard Interrupt: shutting down bus
[29/Feb/2012:02:44:44] ENGINE Bus STOPPING
[29/Feb/2012:02:44:44] ENGINE HTTP Server cherrypy._cpwsgi_server.CPWSGIServer(('0.0.0.0', 8081)) shut down
[29/Feb/2012:02:44:44] ENGINE Stopped thread '_TimeoutMonitor'.
[29/Feb/2012:02:44:44] ENGINE Bus STOPPED
[29/Feb/2012:02:44:44] ENGINE Bus EXITING
[29/Feb/2012:02:44:44] ENGINE Bus EXITED
[29/Feb/2012:02:44:44] ENGINE Waiting for child threads to terminate...
[29/Feb/2012:02:45:00] ENGINE Listening for SIGHUP.
[29/Feb/2012:02:45:00] ENGINE Listening for SIGTERM.
[29/Feb/2012:02:45:00] ENGINE Listening for SIGUSR1.
[29/Feb/2012:02:45:00] ENGINE Bus STARTING
[29/Feb/2012:02:45:00] ENGINE Started monitor thread '_TimeoutMonitor'.
[29/Feb/2012:02:45:00] ENGINE Serving on 0.0.0.0:8081
[29/Feb/2012:02:45:00] ENGINE Bus STARTED
[29/Feb/2012:02:45:01] ENGINE Keyboard Interrupt: shutting down bus
[29/Feb/2012:02:45:01] ENGINE Bus STOPPING
[29/Feb/2012:02:45:01] ENGINE HTTP Server cherrypy._cpwsgi_server.CPWSGIServer(('0.0.0.0', 8081)) shut down
[29/Feb/2012:02:45:01] ENGINE Stopped thread '_TimeoutMonitor'.
[29/Feb/2012:02:45:01] ENGINE Bus STOPPED
[29/Feb/2012:02:45:01] ENGINE Bus EXITING
[29/Feb/2012:02:45:01] ENGINE Bus EXITED
[29/Feb/2012:02:45:01] ENGINE Waiting for child threads to terminate...
[29/Feb/2012:02:45:34] ENGINE Listening for SIGHUP.
[29/Feb/2012:02:45:34] ENGINE Listening for SIGTERM.
[29/Feb/2012:02:45:34] ENGINE Listening for SIGUSR1.
[29/Feb/2012:02:45:34] ENGINE Bus STARTING
[29/Feb/2012:02:45:34] ENGINE Started monitor thread '_TimeoutMonitor'.
[29/Feb/2012:02:45:34] ENGINE Serving on 0.0.0.0:8081
[29/Feb/2012:02:45:34] ENGINE Bus STARTED
[29/Feb/2012:02:45:37]  Traceback (most recent call last):
  File "/Library/Python/2.7/site-packages/CherryPy-3.2.2-py2.7.egg/cherrypy/_cprequest.py", line 102, in run
    hook()
  File "/Library/Python/2.7/site-packages/CherryPy-3.2.2-py2.7.egg/cherrypy/_cprequest.py", line 62, in __call__
    return self.callback(**self.kwargs)
  File "/Library/Python/2.7/site-packages/CherryPy-3.2.2-py2.7.egg/cherrypy/_cptools.py", line 176, in _wrapper
    if self.callable(**kwargs):
  File "/Library/Python/2.7/site-packages/CherryPy-3.2.2-py2.7.egg/cherrypy/lib/static.py", line 296, in staticdir
    raise ValueError(msg)
ValueError: Static dir requires an absolute dir (or root).

[29/Feb/2012:02:45:37] HTTP Traceback (most recent call last):
  File "/Library/Python/2.7/site-packages/CherryPy-3.2.2-py2.7.egg/cherrypy/_cprequest.py", line 653, in respond
    self.hooks.run('before_handler')
  File "/Library/Python/2.7/site-packages/CherryPy-3.2.2-py2.7.egg/cherrypy/_cprequest.py", line 112, in run
    raise exc
ValueError: Static dir requires an absolute dir (or root).

[29/Feb/2012:02:45:39]  Traceback (most recent call last):
  File "/Library/Python/2.7/site-packages/CherryPy-3.2.2-py2.7.egg/cherrypy/_cprequest.py", line 102, in run
    hook()
  File "/Library/Python/2.7/site-packages/CherryPy-3.2.2-py2.7.egg/cherrypy/_cprequest.py", line 62, in __call__
    return self.callback(**self.kwargs)
  File "/Library/Python/2.7/site-packages/CherryPy-3.2.2-py2.7.egg/cherrypy/_cptools.py", line 176, in _wrapper
    if self.callable(**kwargs):
  File "/Library/Python/2.7/site-packages/CherryPy-3.2.2-py2.7.egg/cherrypy/lib/static.py", line 296, in staticdir
    raise ValueError(msg)
ValueError: Static dir requires an absolute dir (or root).

[29/Feb/2012:02:45:39] HTTP Traceback (most recent call last):
  File "/Library/Python/2.7/site-packages/CherryPy-3.2.2-py2.7.egg/cherrypy/_cprequest.py", line 653, in respond
    self.hooks.run('before_handler')
  File "/Library/Python/2.7/site-packages/CherryPy-3.2.2-py2.7.egg/cherrypy/_cprequest.py", line 112, in run
    raise exc
ValueError: Static dir requires an absolute dir (or root).

[29/Feb/2012:02:45:58] ENGINE Keyboard Interrupt: shutting down bus
[29/Feb/2012:02:45:58] ENGINE Bus STOPPING
[29/Feb/2012:02:45:58] ENGINE HTTP Server cherrypy._cpwsgi_server.CPWSGIServer(('0.0.0.0', 8081)) shut down
[29/Feb/2012:02:45:58] ENGINE Stopped thread '_TimeoutMonitor'.
[29/Feb/2012:02:45:58] ENGINE Bus STOPPED
[29/Feb/2012:02:45:58] ENGINE Bus EXITING
[29/Feb/2012:02:45:58] ENGINE Bus EXITED
[29/Feb/2012:02:45:58] ENGINE Waiting for child threads to terminate...
[29/Feb/2012:02:45:59] ENGINE Listening for SIGHUP.
[29/Feb/2012:02:45:59] ENGINE Listening for SIGTERM.
[29/Feb/2012:02:45:59] ENGINE Listening for SIGUSR1.
[29/Feb/2012:02:45:59] ENGINE Bus STARTING
[29/Feb/2012:02:45:59] ENGINE Started monitor thread '_TimeoutMonitor'.
[29/Feb/2012:02:45:59] ENGINE Serving on 0.0.0.0:8081
[29/Feb/2012:02:45:59] ENGINE Bus STARTED
[29/Feb/2012:02:46:14] ENGINE Keyboard Interrupt: shutting down bus
[29/Feb/2012:02:46:14] ENGINE Bus STOPPING
[29/Feb/2012:02:46:14] ENGINE HTTP Server cherrypy._cpwsgi_server.CPWSGIServer(('0.0.0.0', 8081)) shut down
[29/Feb/2012:02:46:14] ENGINE Stopped thread '_TimeoutMonitor'.
[29/Feb/2012:02:46:14] ENGINE Bus STOPPED
[29/Feb/2012:02:46:14] ENGINE Bus EXITING
[29/Feb/2012:02:46:14] ENGINE Bus EXITED
[29/Feb/2012:02:46:14] ENGINE Waiting for child threads to terminate...
[29/Feb/2012:02:51:36] ENGINE Listening for SIGHUP.
[29/Feb/2012:02:51:36] ENGINE Listening for SIGTERM.
[29/Feb/2012:02:51:36] ENGINE Listening for SIGUSR1.
[29/Feb/2012:02:51:36] ENGINE Bus STARTING
[29/Feb/2012:02:51:36] ENGINE Started monitor thread '_TimeoutMonitor'.
[29/Feb/2012:02:51:36] ENGINE Serving on 0.0.0.0:8081
[29/Feb/2012:02:51:36] ENGINE Bus STARTED
[29/Feb/2012:02:51:40]  Traceback (most recent call last):
  File "/Library/Python/2.7/site-packages/CherryPy-3.2.2-py2.7.egg/cherrypy/_cprequest.py", line 102, in run
    hook()
  File "/Library/Python/2.7/site-packages/CherryPy-3.2.2-py2.7.egg/cherrypy/_cprequest.py", line 62, in __call__
    return self.callback(**self.kwargs)
  File "/Library/Python/2.7/site-packages/CherryPy-3.2.2-py2.7.egg/cherrypy/_cptools.py", line 176, in _wrapper
    if self.callable(**kwargs):
  File "/Library/Python/2.7/site-packages/CherryPy-3.2.2-py2.7.egg/cherrypy/lib/static.py", line 296, in staticdir
    raise ValueError(msg)
ValueError: Static dir requires an absolute dir (or root).

[29/Feb/2012:02:51:40] HTTP Traceback (most recent call last):
  File "/Library/Python/2.7/site-packages/CherryPy-3.2.2-py2.7.egg/cherrypy/_cprequest.py", line 653, in respond
    self.hooks.run('before_handler')
  File "/Library/Python/2.7/site-packages/CherryPy-3.2.2-py2.7.egg/cherrypy/_cprequest.py", line 112, in run
    raise exc
ValueError: Static dir requires an absolute dir (or root).

[29/Feb/2012:02:52:40] ENGINE Keyboard Interrupt: shutting down bus
[29/Feb/2012:02:52:40] ENGINE Bus STOPPING
[29/Feb/2012:02:52:40] ENGINE HTTP Server cherrypy._cpwsgi_server.CPWSGIServer(('0.0.0.0', 8081)) shut down
[29/Feb/2012:02:52:40] ENGINE Stopped thread '_TimeoutMonitor'.
[29/Feb/2012:02:52:40] ENGINE Bus STOPPED
[29/Feb/2012:02:52:40] ENGINE Bus EXITING
[29/Feb/2012:02:52:40] ENGINE Bus EXITED
[29/Feb/2012:02:52:40] ENGINE Waiting for child threads to terminate...
[29/Feb/2012:02:59:22] ENGINE Listening for SIGHUP.
[29/Feb/2012:02:59:22] ENGINE Listening for SIGTERM.
[29/Feb/2012:02:59:22] ENGINE Listening for SIGUSR1.
[29/Feb/2012:02:59:22] ENGINE Bus STARTING
[29/Feb/2012:02:59:22] ENGINE Started monitor thread '_TimeoutMonitor'.
[29/Feb/2012:02:59:23] ENGINE Serving on 0.0.0.0:8081
[29/Feb/2012:02:59:23] ENGINE Bus STARTED
[29/Feb/2012:02:59:53] ENGINE Keyboard Interrupt: shutting down bus
[29/Feb/2012:02:59:53] ENGINE Bus STOPPING
[29/Feb/2012:02:59:53] ENGINE HTTP Server cherrypy._cpwsgi_server.CPWSGIServer(('0.0.0.0', 8081)) shut down
[29/Feb/2012:02:59:53] ENGINE Stopped thread '_TimeoutMonitor'.
[29/Feb/2012:02:59:53] ENGINE Bus STOPPED
[29/Feb/2012:02:59:53] ENGINE Bus EXITING
[29/Feb/2012:02:59:53] ENGINE Bus EXITED
[29/Feb/2012:02:59:53] ENGINE Waiting for child threads to terminate...
[29/Feb/2012:03:07:37] ENGINE Listening for SIGHUP.
[29/Feb/2012:03:07:37] ENGINE Listening for SIGTERM.
[29/Feb/2012:03:07:37] ENGINE Listening for SIGUSR1.
[29/Feb/2012:03:07:37] ENGINE Bus STARTING
[29/Feb/2012:03:07:37] ENGINE Started monitor thread '_TimeoutMonitor'.
[29/Feb/2012:03:07:37] ENGINE Serving on 0.0.0.0:8081
[29/Feb/2012:03:07:37] ENGINE Bus STARTED
[29/Feb/2012:03:14:27] ENGINE Keyboard Interrupt: shutting down bus
[29/Feb/2012:03:14:27] ENGINE Bus STOPPING
[29/Feb/2012:03:14:32] ENGINE HTTP Server cherrypy._cpwsgi_server.CPWSGIServer(('0.0.0.0', 8081)) shut down
[29/Feb/2012:03:14:32] ENGINE Stopped thread '_TimeoutMonitor'.
[29/Feb/2012:03:14:32] ENGINE Bus STOPPED
[29/Feb/2012:03:14:32] ENGINE Bus EXITING
[29/Feb/2012:03:14:32] ENGINE Bus EXITED
[29/Feb/2012:03:14:32] ENGINE Waiting for child threads to terminate...
[29/Feb/2012:03:14:55] ENGINE Listening for SIGHUP.
[29/Feb/2012:03:14:55] ENGINE Listening for SIGTERM.
[29/Feb/2012:03:14:55] ENGINE Listening for SIGUSR1.
[29/Feb/2012:03:14:55] ENGINE Bus STARTING
[29/Feb/2012:03:14:55] ENGINE Started monitor thread '_TimeoutMonitor'.
[29/Feb/2012:03:14:55] ENGINE Serving on 0.0.0.0:8081
[29/Feb/2012:03:14:55] ENGINE Bus STARTED
[29/Feb/2012:03:14:57] HTTP Traceback (most recent call last):
  File "/Library/Python/2.7/site-packages/CherryPy-3.2.2-py2.7.egg/cherrypy/_cprequest.py", line 656, in respond
    response.body = self.handler()
  File "/Library/Python/2.7/site-packages/CherryPy-3.2.2-py2.7.egg/cherrypy/lib/encoding.py", line 188, in __call__
    self.body = self.oldhandler(*args, **kwargs)
  File "/Library/Python/2.7/site-packages/CherryPy-3.2.2-py2.7.egg/cherrypy/_cpdispatch.py", line 34, in __call__
    return self.callable(*self.args, **self.kwargs)
  File "servidor.py", line 45, in index
    tmpl = env.get_template('index.html')
  File "/Library/Python/2.7/site-packages/Jinja2-2.6-py2.7.egg/jinja2/environment.py", line 719, in get_template
    return self._load_template(name, self.make_globals(globals))
  File "/Library/Python/2.7/site-packages/Jinja2-2.6-py2.7.egg/jinja2/environment.py", line 693, in _load_template
    template = self.loader.load(self, name, globals)
  File "/Library/Python/2.7/site-packages/Jinja2-2.6-py2.7.egg/jinja2/loaders.py", line 115, in load
    source, filename, uptodate = self.get_source(environment, name)
  File "/Library/Python/2.7/site-packages/Jinja2-2.6-py2.7.egg/jinja2/loaders.py", line 180, in get_source
    raise TemplateNotFound(template)
TemplateNotFound: index.html

[29/Feb/2012:03:15:49] HTTP Traceback (most recent call last):
  File "/Library/Python/2.7/site-packages/CherryPy-3.2.2-py2.7.egg/cherrypy/_cprequest.py", line 656, in respond
    response.body = self.handler()
  File "/Library/Python/2.7/site-packages/CherryPy-3.2.2-py2.7.egg/cherrypy/lib/encoding.py", line 188, in __call__
    self.body = self.oldhandler(*args, **kwargs)
  File "/Library/Python/2.7/site-packages/CherryPy-3.2.2-py2.7.egg/cherrypy/_cpdispatch.py", line 34, in __call__
    return self.callable(*self.args, **self.kwargs)
  File "servidor.py", line 45, in index
    tmpl = env.get_template('index.html')
  File "/Library/Python/2.7/site-packages/Jinja2-2.6-py2.7.egg/jinja2/environment.py", line 719, in get_template
    return self._load_template(name, self.make_globals(globals))
  File "/Library/Python/2.7/site-packages/Jinja2-2.6-py2.7.egg/jinja2/environment.py", line 693, in _load_template
    template = self.loader.load(self, name, globals)
  File "/Library/Python/2.7/site-packages/Jinja2-2.6-py2.7.egg/jinja2/loaders.py", line 115, in load
    source, filename, uptodate = self.get_source(environment, name)
  File "/Library/Python/2.7/site-packages/Jinja2-2.6-py2.7.egg/jinja2/loaders.py", line 180, in get_source
    raise TemplateNotFound(template)
TemplateNotFound: index.html

[29/Feb/2012:03:38:25] ENGINE Keyboard Interrupt: shutting down bus
[29/Feb/2012:03:38:25] ENGINE Bus STOPPING
[29/Feb/2012:03:38:25] ENGINE HTTP Server cherrypy._cpwsgi_server.CPWSGIServer(('0.0.0.0', 8081)) shut down
[29/Feb/2012:03:38:25] ENGINE Stopped thread '_TimeoutMonitor'.
[29/Feb/2012:03:38:25] ENGINE Bus STOPPED
[29/Feb/2012:03:38:25] ENGINE Bus EXITING
[29/Feb/2012:03:38:25] ENGINE Bus EXITED
[29/Feb/2012:03:38:25] ENGINE Waiting for child threads to terminate...
[29/Feb/2012:03:38:28] ENGINE Listening for SIGHUP.
[29/Feb/2012:03:38:28] ENGINE Listening for SIGTERM.
[29/Feb/2012:03:38:28] ENGINE Listening for SIGUSR1.
[29/Feb/2012:03:38:28] ENGINE Bus STARTING
[29/Feb/2012:03:38:28] ENGINE Started monitor thread '_TimeoutMonitor'.
[29/Feb/2012:03:38:28] ENGINE Serving on 0.0.0.0:8081
[29/Feb/2012:03:38:28] ENGINE Bus STARTED
[29/Feb/2012:03:40:33] ENGINE Keyboard Interrupt: shutting down bus
[29/Feb/2012:03:40:33] ENGINE Bus STOPPING
[29/Feb/2012:03:40:33] ENGINE HTTP Server cherrypy._cpwsgi_server.CPWSGIServer(('0.0.0.0', 8081)) shut down
[29/Feb/2012:03:40:33] ENGINE Stopped thread '_TimeoutMonitor'.
[29/Feb/2012:03:40:33] ENGINE Bus STOPPED
[29/Feb/2012:03:40:33] ENGINE Bus EXITING
[29/Feb/2012:03:40:33] ENGINE Bus EXITED
[29/Feb/2012:03:40:33] ENGINE Waiting for child threads to terminate...
[29/Feb/2012:03:40:34] ENGINE Listening for SIGHUP.
[29/Feb/2012:03:40:34] ENGINE Listening for SIGTERM.
[29/Feb/2012:03:40:34] ENGINE Listening for SIGUSR1.
[29/Feb/2012:03:40:34] ENGINE Bus STARTING
[29/Feb/2012:03:40:34] ENGINE Started monitor thread '_TimeoutMonitor'.
[29/Feb/2012:03:40:34] ENGINE Serving on 0.0.0.0:8081
[29/Feb/2012:03:40:34] ENGINE Bus STARTED
[29/Feb/2012:03:41:42] ENGINE Keyboard Interrupt: shutting down bus
[29/Feb/2012:03:41:42] ENGINE Bus STOPPING
[29/Feb/2012:03:41:42] ENGINE HTTP Server cherrypy._cpwsgi_server.CPWSGIServer(('0.0.0.0', 8081)) shut down
[29/Feb/2012:03:41:42] ENGINE Stopped thread '_TimeoutMonitor'.
[29/Feb/2012:03:41:42] ENGINE Bus STOPPED
[29/Feb/2012:03:41:42] ENGINE Bus EXITING
[29/Feb/2012:03:41:42] ENGINE Bus EXITED
[29/Feb/2012:03:41:42] ENGINE Waiting for child threads to terminate...
[29/Feb/2012:03:41:43] ENGINE Listening for SIGHUP.
[29/Feb/2012:03:41:43] ENGINE Listening for SIGTERM.
[29/Feb/2012:03:41:43] ENGINE Listening for SIGUSR1.
[29/Feb/2012:03:41:43] ENGINE Bus STARTING
[29/Feb/2012:03:41:43] ENGINE Started monitor thread '_TimeoutMonitor'.
[29/Feb/2012:03:41:43] ENGINE Serving on 0.0.0.0:8081
[29/Feb/2012:03:41:43] ENGINE Bus STARTED
[29/Feb/2012:03:41:44] HTTP Traceback (most recent call last):
  File "/Library/Python/2.7/site-packages/CherryPy-3.2.2-py2.7.egg/cherrypy/_cprequest.py", line 656, in respond
    response.body = self.handler()
  File "/Library/Python/2.7/site-packages/CherryPy-3.2.2-py2.7.egg/cherrypy/lib/encoding.py", line 188, in __call__
    self.body = self.oldhandler(*args, **kwargs)
  File "/Library/Python/2.7/site-packages/CherryPy-3.2.2-py2.7.egg/cherrypy/_cpdispatch.py", line 34, in __call__
    return self.callable(*self.args, **self.kwargs)
  File "servidor.py", line 48, in index
    return tmpl.render(directories=dir)
  File "/Library/Python/2.7/site-packages/Jinja2-2.6-py2.7.egg/jinja2/environment.py", line 894, in render
    return self.environment.handle_exception(exc_info, True)
  File "templates/index.html", line 10, in top-level template code
    <li><a href="{{ item.href }}">{{ dir }}</a></li>
  File "/Library/Python/2.7/site-packages/Jinja2-2.6-py2.7.egg/jinja2/environment.py", line 372, in getattr
    return getattr(obj, attribute)
UndefinedError: 'item' is undefined

[29/Feb/2012:03:41:46] HTTP Traceback (most recent call last):
  File "/Library/Python/2.7/site-packages/CherryPy-3.2.2-py2.7.egg/cherrypy/_cprequest.py", line 656, in respond
    response.body = self.handler()
  File "/Library/Python/2.7/site-packages/CherryPy-3.2.2-py2.7.egg/cherrypy/lib/encoding.py", line 188, in __call__
    self.body = self.oldhandler(*args, **kwargs)
  File "/Library/Python/2.7/site-packages/CherryPy-3.2.2-py2.7.egg/cherrypy/_cpdispatch.py", line 34, in __call__
    return self.callable(*self.args, **self.kwargs)
  File "servidor.py", line 48, in index
    return tmpl.render(directories=dir)
  File "/Library/Python/2.7/site-packages/Jinja2-2.6-py2.7.egg/jinja2/environment.py", line 894, in render
    return self.environment.handle_exception(exc_info, True)
  File "templates/index.html", line 10, in top-level template code
    <li><a href="{{ item.href }}">{{ dir }}</a></li>
  File "/Library/Python/2.7/site-packages/Jinja2-2.6-py2.7.egg/jinja2/environment.py", line 372, in getattr
    return getattr(obj, attribute)
UndefinedError: 'item' is undefined

[29/Feb/2012:03:41:48] HTTP Traceback (most recent call last):
  File "/Library/Python/2.7/site-packages/CherryPy-3.2.2-py2.7.egg/cherrypy/_cprequest.py", line 656, in respond
    response.body = self.handler()
  File "/Library/Python/2.7/site-packages/CherryPy-3.2.2-py2.7.egg/cherrypy/lib/encoding.py", line 188, in __call__
    self.body = self.oldhandler(*args, **kwargs)
  File "/Library/Python/2.7/site-packages/CherryPy-3.2.2-py2.7.egg/cherrypy/_cpdispatch.py", line 34, in __call__
    return self.callable(*self.args, **self.kwargs)
  File "servidor.py", line 48, in index
    return tmpl.render(directories=dir)
  File "/Library/Python/2.7/site-packages/Jinja2-2.6-py2.7.egg/jinja2/environment.py", line 894, in render
    return self.environment.handle_exception(exc_info, True)
  File "templates/index.html", line 10, in top-level template code
    <li><a href="{{ item.href }}">{{ dir }}</a></li>
  File "/Library/Python/2.7/site-packages/Jinja2-2.6-py2.7.egg/jinja2/environment.py", line 372, in getattr
    return getattr(obj, attribute)
UndefinedError: 'item' is undefined

[29/Feb/2012:04:08:58] HTTP Traceback (most recent call last):
  File "/Library/Python/2.7/site-packages/CherryPy-3.2.2-py2.7.egg/cherrypy/_cprequest.py", line 656, in respond
    response.body = self.handler()
  File "/Library/Python/2.7/site-packages/CherryPy-3.2.2-py2.7.egg/cherrypy/lib/encoding.py", line 188, in __call__
    self.body = self.oldhandler(*args, **kwargs)
  File "/Library/Python/2.7/site-packages/CherryPy-3.2.2-py2.7.egg/cherrypy/_cpdispatch.py", line 34, in __call__
    return self.callable(*self.args, **self.kwargs)
  File "servidor.py", line 47, in index
    tmpl = env.get_template('index.html')
  File "/Library/Python/2.7/site-packages/Jinja2-2.6-py2.7.egg/jinja2/environment.py", line 719, in get_template
    return self._load_template(name, self.make_globals(globals))
  File "/Library/Python/2.7/site-packages/Jinja2-2.6-py2.7.egg/jinja2/environment.py", line 693, in _load_template
    template = self.loader.load(self, name, globals)
  File "/Library/Python/2.7/site-packages/Jinja2-2.6-py2.7.egg/jinja2/loaders.py", line 115, in load
    source, filename, uptodate = self.get_source(environment, name)
  File "/Library/Python/2.7/site-packages/Jinja2-2.6-py2.7.egg/jinja2/loaders.py", line 180, in get_source
    raise TemplateNotFound(template)
TemplateNotFound: index.html

[29/Feb/2012:04:08:59] HTTP Traceback (most recent call last):
  File "/Library/Python/2.7/site-packages/CherryPy-3.2.2-py2.7.egg/cherrypy/_cprequest.py", line 656, in respond
    response.body = self.handler()
  File "/Library/Python/2.7/site-packages/CherryPy-3.2.2-py2.7.egg/cherrypy/lib/encoding.py", line 188, in __call__
    self.body = self.oldhandler(*args, **kwargs)
  File "/Library/Python/2.7/site-packages/CherryPy-3.2.2-py2.7.egg/cherrypy/_cpdispatch.py", line 34, in __call__
    return self.callable(*self.args, **self.kwargs)
  File "servidor.py", line 47, in index
    tmpl = env.get_template('index.html')
  File "/Library/Python/2.7/site-packages/Jinja2-2.6-py2.7.egg/jinja2/environment.py", line 719, in get_template
    return self._load_template(name, self.make_globals(globals))
  File "/Library/Python/2.7/site-packages/Jinja2-2.6-py2.7.egg/jinja2/environment.py", line 693, in _load_template
    template = self.loader.load(self, name, globals)
  File "/Library/Python/2.7/site-packages/Jinja2-2.6-py2.7.egg/jinja2/loaders.py", line 115, in load
    source, filename, uptodate = self.get_source(environment, name)
  File "/Library/Python/2.7/site-packages/Jinja2-2.6-py2.7.egg/jinja2/loaders.py", line 180, in get_source
    raise TemplateNotFound(template)
TemplateNotFound: index.html

[29/Feb/2012:05:24:49] ENGINE Keyboard Interrupt: shutting down bus
[29/Feb/2012:05:24:49] ENGINE Bus STOPPING
[29/Feb/2012:05:24:50] ENGINE HTTP Server cherrypy._cpwsgi_server.CPWSGIServer(('0.0.0.0', 8081)) shut down
[29/Feb/2012:05:24:50] ENGINE Stopped thread '_TimeoutMonitor'.
[29/Feb/2012:05:24:50] ENGINE Bus STOPPED
[29/Feb/2012:05:24:50] ENGINE Bus EXITING
[29/Feb/2012:05:24:50] ENGINE Bus EXITED
[29/Feb/2012:05:24:50] ENGINE Waiting for child threads to terminate...
[29/Feb/2012:05:24:54] ENGINE Listening for SIGHUP.
[29/Feb/2012:05:24:54] ENGINE Listening for SIGTERM.
[29/Feb/2012:05:24:54] ENGINE Listening for SIGUSR1.
[29/Feb/2012:05:24:54] ENGINE Bus STARTING
[29/Feb/2012:05:24:54] ENGINE Started monitor thread '_TimeoutMonitor'.
[29/Feb/2012:05:24:54] ENGINE Serving on 0.0.0.0:8081
[29/Feb/2012:05:24:54] ENGINE Bus STARTED
[29/Feb/2012:05:25:12] ENGINE Keyboard Interrupt: shutting down bus
[29/Feb/2012:05:25:12] ENGINE Bus STOPPING
[29/Feb/2012:05:25:12] ENGINE HTTP Server cherrypy._cpwsgi_server.CPWSGIServer(('0.0.0.0', 8081)) shut down
[29/Feb/2012:05:25:12] ENGINE Stopped thread '_TimeoutMonitor'.
[29/Feb/2012:05:25:12] ENGINE Bus STOPPED
[29/Feb/2012:05:25:12] ENGINE Bus EXITING
[29/Feb/2012:05:25:12] ENGINE Bus EXITED
[29/Feb/2012:05:25:12] ENGINE Waiting for child threads to terminate...
[29/Feb/2012:05:25:43] ENGINE Listening for SIGHUP.
[29/Feb/2012:05:25:43] ENGINE Listening for SIGTERM.
[29/Feb/2012:05:25:43] ENGINE Listening for SIGUSR1.
[29/Feb/2012:05:25:43] ENGINE Bus STARTING
[29/Feb/2012:05:25:43] ENGINE Started monitor thread '_TimeoutMonitor'.
[29/Feb/2012:05:25:44] ENGINE Serving on 0.0.0.0:8081
[29/Feb/2012:05:25:44] ENGINE Bus STARTED
[29/Feb/2012:08:05:46] HTTP Traceback (most recent call last):
  File "/Library/Python/2.7/site-packages/CherryPy-3.2.2-py2.7.egg/cherrypy/_cprequest.py", line 656, in respond
    response.body = self.handler()
  File "/Library/Python/2.7/site-packages/CherryPy-3.2.2-py2.7.egg/cherrypy/lib/encoding.py", line 188, in __call__
    self.body = self.oldhandler(*args, **kwargs)
  File "/Library/Python/2.7/site-packages/CherryPy-3.2.2-py2.7.egg/cherrypy/_cpdispatch.py", line 34, in __call__
    return self.callable(*self.args, **self.kwargs)
  File "servidor.py", line 46, in index
    remote = cherrypy.request.headerMap.get("Remote-Addr", "")
  File "/Library/Python/2.7/site-packages/CherryPy-3.2.2-py2.7.egg/cherrypy/__init__.py", line 208, in __getattr__
    return getattr(child, name)
AttributeError: 'Request' object has no attribute 'headerMap'

[29/Feb/2012:08:05:50] HTTP Traceback (most recent call last):
  File "/Library/Python/2.7/site-packages/CherryPy-3.2.2-py2.7.egg/cherrypy/_cprequest.py", line 656, in respond
    response.body = self.handler()
  File "/Library/Python/2.7/site-packages/CherryPy-3.2.2-py2.7.egg/cherrypy/lib/encoding.py", line 188, in __call__
    self.body = self.oldhandler(*args, **kwargs)
  File "/Library/Python/2.7/site-packages/CherryPy-3.2.2-py2.7.egg/cherrypy/_cpdispatch.py", line 34, in __call__
    return self.callable(*self.args, **self.kwargs)
  File "servidor.py", line 46, in index
    remote = cherrypy.request.headerMap.get("Remote-Addr", "")
  File "/Library/Python/2.7/site-packages/CherryPy-3.2.2-py2.7.egg/cherrypy/__init__.py", line 208, in __getattr__
    return getattr(child, name)
AttributeError: 'Request' object has no attribute 'headerMap'

[29/Feb/2012:08:05:58] ENGINE Keyboard Interrupt: shutting down bus
[29/Feb/2012:08:05:58] ENGINE Bus STOPPING
[29/Feb/2012:08:06:04] ENGINE HTTP Server cherrypy._cpwsgi_server.CPWSGIServer(('0.0.0.0', 8081)) shut down
[29/Feb/2012:08:06:04] ENGINE Stopped thread '_TimeoutMonitor'.
[29/Feb/2012:08:06:04] ENGINE Bus STOPPED
[29/Feb/2012:08:06:04] ENGINE Bus EXITING
[29/Feb/2012:08:06:04] ENGINE Bus EXITED
[29/Feb/2012:08:06:04] ENGINE Waiting for child threads to terminate...
[29/Feb/2012:08:06:11] ENGINE Listening for SIGHUP.
[29/Feb/2012:08:06:11] ENGINE Listening for SIGTERM.
[29/Feb/2012:08:06:11] ENGINE Listening for SIGUSR1.
[29/Feb/2012:08:06:11] ENGINE Bus STARTING
[29/Feb/2012:08:06:11] ENGINE Started monitor thread '_TimeoutMonitor'.
[29/Feb/2012:08:06:11] ENGINE Serving on 0.0.0.0:8081
[29/Feb/2012:08:06:11] ENGINE Bus STARTED
[29/Feb/2012:08:06:14] HTTP Traceback (most recent call last):
  File "/Library/Python/2.7/site-packages/CherryPy-3.2.2-py2.7.egg/cherrypy/_cprequest.py", line 656, in respond
    response.body = self.handler()
  File "/Library/Python/2.7/site-packages/CherryPy-3.2.2-py2.7.egg/cherrypy/lib/encoding.py", line 188, in __call__
    self.body = self.oldhandler(*args, **kwargs)
  File "/Library/Python/2.7/site-packages/CherryPy-3.2.2-py2.7.egg/cherrypy/_cpdispatch.py", line 34, in __call__
    return self.callable(*self.args, **self.kwargs)
  File "servidor.py", line 46, in index
    remote = cherrypy.request.headerMap.get("Remote-Addr", "")
  File "/Library/Python/2.7/site-packages/CherryPy-3.2.2-py2.7.egg/cherrypy/__init__.py", line 208, in __getattr__
    return getattr(child, name)
AttributeError: 'Request' object has no attribute 'headerMap'

[29/Feb/2012:08:06:16] HTTP Traceback (most recent call last):
  File "/Library/Python/2.7/site-packages/CherryPy-3.2.2-py2.7.egg/cherrypy/_cprequest.py", line 656, in respond
    response.body = self.handler()
  File "/Library/Python/2.7/site-packages/CherryPy-3.2.2-py2.7.egg/cherrypy/lib/encoding.py", line 188, in __call__
    self.body = self.oldhandler(*args, **kwargs)
  File "/Library/Python/2.7/site-packages/CherryPy-3.2.2-py2.7.egg/cherrypy/_cpdispatch.py", line 34, in __call__
    return self.callable(*self.args, **self.kwargs)
  File "servidor.py", line 46, in index
    remote = cherrypy.request.headerMap.get("Remote-Addr", "")
  File "/Library/Python/2.7/site-packages/CherryPy-3.2.2-py2.7.egg/cherrypy/__init__.py", line 208, in __getattr__
    return getattr(child, name)
AttributeError: 'Request' object has no attribute 'headerMap'

[29/Feb/2012:14:23:25] ENGINE Keyboard Interrupt: shutting down bus
[29/Feb/2012:14:23:25] ENGINE Bus STOPPING
[29/Feb/2012:14:23:25] ENGINE HTTP Server cherrypy._cpwsgi_server.CPWSGIServer(('0.0.0.0', 8081)) shut down
[29/Feb/2012:14:23:25] ENGINE Stopped thread '_TimeoutMonitor'.
[29/Feb/2012:14:23:25] ENGINE Bus STOPPED
[29/Feb/2012:14:23:25] ENGINE Bus EXITING
[29/Feb/2012:14:23:25] ENGINE Bus EXITED
[29/Feb/2012:14:23:25] ENGINE Waiting for child threads to terminate...
[29/Feb/2012:14:23:35] ENGINE Listening for SIGHUP.
[29/Feb/2012:14:23:35] ENGINE Listening for SIGTERM.
[29/Feb/2012:14:23:35] ENGINE Listening for SIGUSR1.
[29/Feb/2012:14:23:35] ENGINE Bus STARTING
[29/Feb/2012:14:23:35] ENGINE Started monitor thread '_TimeoutMonitor'.
[29/Feb/2012:14:23:35] ENGINE Serving on 0.0.0.0:8081
[29/Feb/2012:14:23:35] ENGINE Bus STARTED
[29/Feb/2012:14:23:47] HTTP Traceback (most recent call last):
  File "/Library/Python/2.7/site-packages/CherryPy-3.2.2-py2.7.egg/cherrypy/_cprequest.py", line 656, in respond
    response.body = self.handler()
  File "/Library/Python/2.7/site-packages/CherryPy-3.2.2-py2.7.egg/cherrypy/lib/encoding.py", line 188, in __call__
    self.body = self.oldhandler(*args, **kwargs)
  File "/Library/Python/2.7/site-packages/CherryPy-3.2.2-py2.7.egg/cherrypy/_cpdispatch.py", line 34, in __call__
    return self.callable(*self.args, **self.kwargs)
  File "servidor.py", line 46, in index
    remote = cherrypy.request.headerMap.get("Remote-Addr", "")
  File "/Library/Python/2.7/site-packages/CherryPy-3.2.2-py2.7.egg/cherrypy/__init__.py", line 208, in __getattr__
    return getattr(child, name)
AttributeError: 'Request' object has no attribute 'headerMap'

[29/Feb/2012:14:24:07] ENGINE Keyboard Interrupt: shutting down bus
[29/Feb/2012:14:24:07] ENGINE Bus STOPPING
[29/Feb/2012:14:24:07] ENGINE HTTP Server cherrypy._cpwsgi_server.CPWSGIServer(('0.0.0.0', 8081)) shut down
[29/Feb/2012:14:24:07] ENGINE Stopped thread '_TimeoutMonitor'.
[29/Feb/2012:14:24:07] ENGINE Bus STOPPED
[29/Feb/2012:14:24:07] ENGINE Bus EXITING
[29/Feb/2012:14:24:07] ENGINE Bus EXITED
[29/Feb/2012:14:24:07] ENGINE Waiting for child threads to terminate...
[29/Feb/2012:14:24:08] ENGINE Listening for SIGHUP.
[29/Feb/2012:14:24:08] ENGINE Listening for SIGTERM.
[29/Feb/2012:14:24:08] ENGINE Listening for SIGUSR1.
[29/Feb/2012:14:24:08] ENGINE Bus STARTING
[29/Feb/2012:14:24:08] ENGINE Started monitor thread '_TimeoutMonitor'.
[29/Feb/2012:14:24:08] ENGINE Serving on 0.0.0.0:8081
[29/Feb/2012:14:24:08] ENGINE Bus STARTED
[29/Feb/2012:14:24:10] HTTP Traceback (most recent call last):
  File "/Library/Python/2.7/site-packages/CherryPy-3.2.2-py2.7.egg/cherrypy/_cprequest.py", line 656, in respond
    response.body = self.handler()
  File "/Library/Python/2.7/site-packages/CherryPy-3.2.2-py2.7.egg/cherrypy/lib/encoding.py", line 188, in __call__
    self.body = self.oldhandler(*args, **kwargs)
  File "/Library/Python/2.7/site-packages/CherryPy-3.2.2-py2.7.egg/cherrypy/_cpdispatch.py", line 34, in __call__
    return self.callable(*self.args, **self.kwargs)
  File "servidor.py", line 46, in index
    remote = cherrypy.request.headerMap.get("Remote-Addr", "")
  File "/Library/Python/2.7/site-packages/CherryPy-3.2.2-py2.7.egg/cherrypy/__init__.py", line 208, in __getattr__
    return getattr(child, name)
AttributeError: 'Request' object has no attribute 'headerMap'

[29/Feb/2012:14:24:12] HTTP Traceback (most recent call last):
  File "/Library/Python/2.7/site-packages/CherryPy-3.2.2-py2.7.egg/cherrypy/_cprequest.py", line 656, in respond
    response.body = self.handler()
  File "/Library/Python/2.7/site-packages/CherryPy-3.2.2-py2.7.egg/cherrypy/lib/encoding.py", line 188, in __call__
    self.body = self.oldhandler(*args, **kwargs)
  File "/Library/Python/2.7/site-packages/CherryPy-3.2.2-py2.7.egg/cherrypy/_cpdispatch.py", line 34, in __call__
    return self.callable(*self.args, **self.kwargs)
  File "servidor.py", line 46, in index
    remote = cherrypy.request.headerMap.get("Remote-Addr", "")
  File "/Library/Python/2.7/site-packages/CherryPy-3.2.2-py2.7.egg/cherrypy/__init__.py", line 208, in __getattr__
    return getattr(child, name)
AttributeError: 'Request' object has no attribute 'headerMap'

[29/Feb/2012:14:24:19] HTTP Traceback (most recent call last):
  File "/Library/Python/2.7/site-packages/CherryPy-3.2.2-py2.7.egg/cherrypy/_cprequest.py", line 656, in respond
    response.body = self.handler()
  File "/Library/Python/2.7/site-packages/CherryPy-3.2.2-py2.7.egg/cherrypy/lib/encoding.py", line 188, in __call__
    self.body = self.oldhandler(*args, **kwargs)
  File "/Library/Python/2.7/site-packages/CherryPy-3.2.2-py2.7.egg/cherrypy/_cpdispatch.py", line 34, in __call__
    return self.callable(*self.args, **self.kwargs)
  File "servidor.py", line 46, in index
    remote = cherrypy.request.headerMap.get("Remote-Addr", "")
  File "/Library/Python/2.7/site-packages/CherryPy-3.2.2-py2.7.egg/cherrypy/__init__.py", line 208, in __getattr__
    return getattr(child, name)
AttributeError: 'Request' object has no attribute 'headerMap'

[29/Feb/2012:14:26:04] HTTP Traceback (most recent call last):
  File "/Library/Python/2.7/site-packages/CherryPy-3.2.2-py2.7.egg/cherrypy/_cprequest.py", line 656, in respond
    response.body = self.handler()
  File "/Library/Python/2.7/site-packages/CherryPy-3.2.2-py2.7.egg/cherrypy/lib/encoding.py", line 188, in __call__
    self.body = self.oldhandler(*args, **kwargs)
  File "/Library/Python/2.7/site-packages/CherryPy-3.2.2-py2.7.egg/cherrypy/_cpdispatch.py", line 34, in __call__
    return self.callable(*self.args, **self.kwargs)
  File "servidor.py", line 46, in index
    remote = cherrypy.request.headerMap.get("Remote-Addr", "")
  File "/Library/Python/2.7/site-packages/CherryPy-3.2.2-py2.7.egg/cherrypy/__init__.py", line 208, in __getattr__
    return getattr(child, name)
AttributeError: 'Request' object has no attribute 'headerMap'

[29/Feb/2012:14:26:09] HTTP Traceback (most recent call last):
  File "/Library/Python/2.7/site-packages/CherryPy-3.2.2-py2.7.egg/cherrypy/_cprequest.py", line 656, in respond
    response.body = self.handler()
  File "/Library/Python/2.7/site-packages/CherryPy-3.2.2-py2.7.egg/cherrypy/lib/encoding.py", line 188, in __call__
    self.body = self.oldhandler(*args, **kwargs)
  File "/Library/Python/2.7/site-packages/CherryPy-3.2.2-py2.7.egg/cherrypy/_cpdispatch.py", line 34, in __call__
    return self.callable(*self.args, **self.kwargs)
  File "servidor.py", line 46, in index
    remote = cherrypy.request.headerMap.get("Remote-Addr", "")
  File "/Library/Python/2.7/site-packages/CherryPy-3.2.2-py2.7.egg/cherrypy/__init__.py", line 208, in __getattr__
    return getattr(child, name)
AttributeError: 'Request' object has no attribute 'headerMap'

[29/Feb/2012:14:26:11] HTTP Traceback (most recent call last):
  File "/Library/Python/2.7/site-packages/CherryPy-3.2.2-py2.7.egg/cherrypy/_cprequest.py", line 656, in respond
    response.body = self.handler()
  File "/Library/Python/2.7/site-packages/CherryPy-3.2.2-py2.7.egg/cherrypy/lib/encoding.py", line 188, in __call__
    self.body = self.oldhandler(*args, **kwargs)
  File "/Library/Python/2.7/site-packages/CherryPy-3.2.2-py2.7.egg/cherrypy/_cpdispatch.py", line 34, in __call__
    return self.callable(*self.args, **self.kwargs)
  File "servidor.py", line 46, in index
    remote = cherrypy.request.headerMap.get("Remote-Addr", "")
  File "/Library/Python/2.7/site-packages/CherryPy-3.2.2-py2.7.egg/cherrypy/__init__.py", line 208, in __getattr__
    return getattr(child, name)
AttributeError: 'Request' object has no attribute 'headerMap'

[29/Feb/2012:14:27:10] HTTP Traceback (most recent call last):
  File "/Library/Python/2.7/site-packages/CherryPy-3.2.2-py2.7.egg/cherrypy/_cprequest.py", line 656, in respond
    response.body = self.handler()
  File "/Library/Python/2.7/site-packages/CherryPy-3.2.2-py2.7.egg/cherrypy/lib/encoding.py", line 188, in __call__
    self.body = self.oldhandler(*args, **kwargs)
  File "/Library/Python/2.7/site-packages/CherryPy-3.2.2-py2.7.egg/cherrypy/_cpdispatch.py", line 34, in __call__
    return self.callable(*self.args, **self.kwargs)
  File "servidor.py", line 46, in index
    #remote = cherrypy.request.headerMap.get("Remote-Addr", "")
  File "/Library/Python/2.7/site-packages/CherryPy-3.2.2-py2.7.egg/cherrypy/__init__.py", line 208, in __getattr__
    return getattr(child, name)
AttributeError: 'Request' object has no attribute 'headerMap'

[29/Feb/2012:14:27:12] HTTP Traceback (most recent call last):
  File "/Library/Python/2.7/site-packages/CherryPy-3.2.2-py2.7.egg/cherrypy/_cprequest.py", line 656, in respond
    response.body = self.handler()
  File "/Library/Python/2.7/site-packages/CherryPy-3.2.2-py2.7.egg/cherrypy/lib/encoding.py", line 188, in __call__
    self.body = self.oldhandler(*args, **kwargs)
  File "/Library/Python/2.7/site-packages/CherryPy-3.2.2-py2.7.egg/cherrypy/_cpdispatch.py", line 34, in __call__
    return self.callable(*self.args, **self.kwargs)
  File "servidor.py", line 46, in index
    #remote = cherrypy.request.headerMap.get("Remote-Addr", "")
  File "/Library/Python/2.7/site-packages/CherryPy-3.2.2-py2.7.egg/cherrypy/__init__.py", line 208, in __getattr__
    return getattr(child, name)
AttributeError: 'Request' object has no attribute 'headerMap'

[29/Feb/2012:14:27:17] ENGINE Keyboard Interrupt: shutting down bus
[29/Feb/2012:14:27:17] ENGINE Bus STOPPING
[29/Feb/2012:14:27:22] ENGINE HTTP Server cherrypy._cpwsgi_server.CPWSGIServer(('0.0.0.0', 8081)) shut down
[29/Feb/2012:14:27:22] ENGINE Stopped thread '_TimeoutMonitor'.
[29/Feb/2012:14:27:22] ENGINE Bus STOPPED
[29/Feb/2012:14:27:22] ENGINE Bus EXITING
[29/Feb/2012:14:27:22] ENGINE Bus EXITED
[29/Feb/2012:14:27:22] ENGINE Waiting for child threads to terminate...
[29/Feb/2012:14:27:23] ENGINE Listening for SIGHUP.
[29/Feb/2012:14:27:23] ENGINE Listening for SIGTERM.
[29/Feb/2012:14:27:23] ENGINE Listening for SIGUSR1.
[29/Feb/2012:14:27:23] ENGINE Bus STARTING
[29/Feb/2012:14:27:23] ENGINE Started monitor thread '_TimeoutMonitor'.
[29/Feb/2012:14:27:23] ENGINE Serving on 0.0.0.0:8081
[29/Feb/2012:14:27:23] ENGINE Bus STARTED
[29/Feb/2012:14:27:25] HTTP Traceback (most recent call last):
  File "/Library/Python/2.7/site-packages/CherryPy-3.2.2-py2.7.egg/cherrypy/_cprequest.py", line 656, in respond
    response.body = self.handler()
  File "/Library/Python/2.7/site-packages/CherryPy-3.2.2-py2.7.egg/cherrypy/lib/encoding.py", line 188, in __call__
    self.body = self.oldhandler(*args, **kwargs)
  File "/Library/Python/2.7/site-packages/CherryPy-3.2.2-py2.7.egg/cherrypy/_cpdispatch.py", line 34, in __call__
    return self.callable(*self.args, **self.kwargs)
  File "servidor.py", line 47, in index
    return tmpl.render(directories=dir)
NameError: global name 'tmpl' is not defined

[29/Feb/2012:14:27:27] HTTP Traceback (most recent call last):
  File "/Library/Python/2.7/site-packages/CherryPy-3.2.2-py2.7.egg/cherrypy/_cprequest.py", line 656, in respond
    response.body = self.handler()
  File "/Library/Python/2.7/site-packages/CherryPy-3.2.2-py2.7.egg/cherrypy/lib/encoding.py", line 188, in __call__
    self.body = self.oldhandler(*args, **kwargs)
  File "/Library/Python/2.7/site-packages/CherryPy-3.2.2-py2.7.egg/cherrypy/_cpdispatch.py", line 34, in __call__
    return self.callable(*self.args, **self.kwargs)
  File "servidor.py", line 47, in index
    return tmpl.render(directories=dir)
NameError: global name 'tmpl' is not defined

[29/Feb/2012:14:29:15] HTTP Traceback (most recent call last):
  File "/Library/Python/2.7/site-packages/CherryPy-3.2.2-py2.7.egg/cherrypy/_cprequest.py", line 656, in respond
    response.body = self.handler()
  File "/Library/Python/2.7/site-packages/CherryPy-3.2.2-py2.7.egg/cherrypy/lib/encoding.py", line 188, in __call__
    self.body = self.oldhandler(*args, **kwargs)
  File "/Library/Python/2.7/site-packages/CherryPy-3.2.2-py2.7.egg/cherrypy/_cpdispatch.py", line 34, in __call__
    return self.callable(*self.args, **self.kwargs)
  File "servidor.py", line 47, in index
    tmpl = lookup.get_template("index.html")
NameError: global name 'tmpl' is not defined

[29/Feb/2012:14:29:16] HTTP Traceback (most recent call last):
  File "/Library/Python/2.7/site-packages/CherryPy-3.2.2-py2.7.egg/cherrypy/_cprequest.py", line 656, in respond
    response.body = self.handler()
  File "/Library/Python/2.7/site-packages/CherryPy-3.2.2-py2.7.egg/cherrypy/lib/encoding.py", line 188, in __call__
    self.body = self.oldhandler(*args, **kwargs)
  File "/Library/Python/2.7/site-packages/CherryPy-3.2.2-py2.7.egg/cherrypy/_cpdispatch.py", line 34, in __call__
    return self.callable(*self.args, **self.kwargs)
  File "servidor.py", line 47, in index
    tmpl = lookup.get_template("index.html")
NameError: global name 'tmpl' is not defined

[29/Feb/2012:14:29:18] HTTP Traceback (most recent call last):
  File "/Library/Python/2.7/site-packages/CherryPy-3.2.2-py2.7.egg/cherrypy/_cprequest.py", line 656, in respond
    response.body = self.handler()
  File "/Library/Python/2.7/site-packages/CherryPy-3.2.2-py2.7.egg/cherrypy/lib/encoding.py", line 188, in __call__
    self.body = self.oldhandler(*args, **kwargs)
  File "/Library/Python/2.7/site-packages/CherryPy-3.2.2-py2.7.egg/cherrypy/_cpdispatch.py", line 34, in __call__
    return self.callable(*self.args, **self.kwargs)
  File "servidor.py", line 47, in index
    tmpl = lookup.get_template("index.html")
NameError: global name 'tmpl' is not defined

[29/Feb/2012:14:29:20] ENGINE Keyboard Interrupt: shutting down bus
[29/Feb/2012:14:29:20] ENGINE Bus STOPPING
[29/Feb/2012:14:29:25] ENGINE HTTP Server cherrypy._cpwsgi_server.CPWSGIServer(('0.0.0.0', 8081)) shut down
[29/Feb/2012:14:29:25] ENGINE Stopped thread '_TimeoutMonitor'.
[29/Feb/2012:14:29:25] ENGINE Bus STOPPED
[29/Feb/2012:14:29:25] ENGINE Bus EXITING
[29/Feb/2012:14:29:25] ENGINE Bus EXITED
[29/Feb/2012:14:29:25] ENGINE Waiting for child threads to terminate...
[29/Feb/2012:14:29:27] ENGINE Listening for SIGHUP.
[29/Feb/2012:14:29:27] ENGINE Listening for SIGTERM.
[29/Feb/2012:14:29:27] ENGINE Listening for SIGUSR1.
[29/Feb/2012:14:29:27] ENGINE Bus STARTING
[29/Feb/2012:14:29:27] ENGINE Started monitor thread '_TimeoutMonitor'.
[29/Feb/2012:14:29:27] ENGINE Serving on 0.0.0.0:8081
[29/Feb/2012:14:29:27] ENGINE Bus STARTED
[29/Feb/2012:14:29:30] HTTP Traceback (most recent call last):
  File "/Library/Python/2.7/site-packages/CherryPy-3.2.2-py2.7.egg/cherrypy/_cprequest.py", line 656, in respond
    response.body = self.handler()
  File "/Library/Python/2.7/site-packages/CherryPy-3.2.2-py2.7.egg/cherrypy/lib/encoding.py", line 188, in __call__
    self.body = self.oldhandler(*args, **kwargs)
  File "/Library/Python/2.7/site-packages/CherryPy-3.2.2-py2.7.egg/cherrypy/_cpdispatch.py", line 34, in __call__
    return self.callable(*self.args, **self.kwargs)
  File "servidor.py", line 47, in index
    tmpl = lookup.get_template("index.html")
NameError: global name 'lookup' is not defined

[29/Feb/2012:14:29:31] HTTP Traceback (most recent call last):
  File "/Library/Python/2.7/site-packages/CherryPy-3.2.2-py2.7.egg/cherrypy/_cprequest.py", line 656, in respond
    response.body = self.handler()
  File "/Library/Python/2.7/site-packages/CherryPy-3.2.2-py2.7.egg/cherrypy/lib/encoding.py", line 188, in __call__
    self.body = self.oldhandler(*args, **kwargs)
  File "/Library/Python/2.7/site-packages/CherryPy-3.2.2-py2.7.egg/cherrypy/_cpdispatch.py", line 34, in __call__
    return self.callable(*self.args, **self.kwargs)
  File "servidor.py", line 47, in index
    tmpl = lookup.get_template("index.html")
NameError: global name 'lookup' is not defined

[29/Feb/2012:14:30:07] HTTP Traceback (most recent call last):
  File "/Library/Python/2.7/site-packages/CherryPy-3.2.2-py2.7.egg/cherrypy/_cprequest.py", line 656, in respond
    response.body = self.handler()
  File "/Library/Python/2.7/site-packages/CherryPy-3.2.2-py2.7.egg/cherrypy/lib/encoding.py", line 188, in __call__
    self.body = self.oldhandler(*args, **kwargs)
  File "/Library/Python/2.7/site-packages/CherryPy-3.2.2-py2.7.egg/cherrypy/_cpdispatch.py", line 34, in __call__
    return self.callable(*self.args, **self.kwargs)
  File "servidor.py", line 47, in index
    tmpl = env.get_template("index.html")
NameError: global name 'lookup' is not defined

[29/Feb/2012:14:30:08] ENGINE Keyboard Interrupt: shutting down bus
[29/Feb/2012:14:30:08] ENGINE Bus STOPPING
[29/Feb/2012:14:30:13] ENGINE HTTP Server cherrypy._cpwsgi_server.CPWSGIServer(('0.0.0.0', 8081)) shut down
[29/Feb/2012:14:30:13] ENGINE Stopped thread '_TimeoutMonitor'.
[29/Feb/2012:14:30:13] ENGINE Bus STOPPED
[29/Feb/2012:14:30:13] ENGINE Bus EXITING
[29/Feb/2012:14:30:13] ENGINE Bus EXITED
[29/Feb/2012:14:30:13] ENGINE Waiting for child threads to terminate...
[29/Feb/2012:14:30:15] ENGINE Listening for SIGHUP.
[29/Feb/2012:14:30:15] ENGINE Listening for SIGTERM.
[29/Feb/2012:14:30:15] ENGINE Listening for SIGUSR1.
[29/Feb/2012:14:30:15] ENGINE Bus STARTING
[29/Feb/2012:14:30:15] ENGINE Started monitor thread '_TimeoutMonitor'.
[29/Feb/2012:14:30:15] ENGINE Serving on 0.0.0.0:8081
[29/Feb/2012:14:30:15] ENGINE Bus STARTED
[01/Mar/2012:22:03:06] ENGINE Keyboard Interrupt: shutting down bus
[01/Mar/2012:22:03:06] ENGINE Bus STOPPING
[01/Mar/2012:22:03:06] ENGINE HTTP Server cherrypy._cpwsgi_server.CPWSGIServer(('0.0.0.0', 8081)) shut down
[01/Mar/2012:22:03:06] ENGINE Stopped thread '_TimeoutMonitor'.
[01/Mar/2012:22:03:06] ENGINE Bus STOPPED
[01/Mar/2012:22:03:06] ENGINE Bus EXITING
[01/Mar/2012:22:03:06] ENGINE Bus EXITED
[01/Mar/2012:22:03:06] ENGINE Waiting for child threads to terminate...
[01/Mar/2012:22:04:20] ENGINE Listening for SIGHUP.
[01/Mar/2012:22:04:20] ENGINE Listening for SIGTERM.
[01/Mar/2012:22:04:20] ENGINE Listening for SIGUSR1.
[01/Mar/2012:22:04:20] ENGINE Bus STARTING
[01/Mar/2012:22:04:20] ENGINE Started monitor thread '_TimeoutMonitor'.
[01/Mar/2012:22:04:20] ENGINE Serving on 0.0.0.0:8081
[01/Mar/2012:22:04:20] ENGINE Bus STARTED
[01/Mar/2012:22:22:13] ENGINE Keyboard Interrupt: shutting down bus
[01/Mar/2012:22:22:13] ENGINE Bus STOPPING
[01/Mar/2012:22:22:18] ENGINE HTTP Server cherrypy._cpwsgi_server.CPWSGIServer(('0.0.0.0', 8081)) shut down
[01/Mar/2012:22:22:18] ENGINE Stopped thread '_TimeoutMonitor'.
[01/Mar/2012:22:22:18] ENGINE Bus STOPPED
[01/Mar/2012:22:22:18] ENGINE Bus EXITING
[01/Mar/2012:22:22:18] ENGINE Bus EXITED
[01/Mar/2012:22:22:18] ENGINE Waiting for child threads to terminate...
[01/Mar/2012:22:22:21] ENGINE Listening for SIGHUP.
[01/Mar/2012:22:22:21] ENGINE Listening for SIGTERM.
[01/Mar/2012:22:22:21] ENGINE Listening for SIGUSR1.
[01/Mar/2012:22:22:21] ENGINE Bus STARTING
[01/Mar/2012:22:22:21] ENGINE Started monitor thread '_TimeoutMonitor'.
[01/Mar/2012:22:22:21] ENGINE Serving on 0.0.0.0:8081
[01/Mar/2012:22:22:21] ENGINE Bus STARTED
[01/Mar/2012:22:26:24] ENGINE Keyboard Interrupt: shutting down bus
[01/Mar/2012:22:26:24] ENGINE Bus STOPPING
[01/Mar/2012:22:26:29] ENGINE HTTP Server cherrypy._cpwsgi_server.CPWSGIServer(('0.0.0.0', 8081)) shut down
[01/Mar/2012:22:26:29] ENGINE Stopped thread '_TimeoutMonitor'.
[01/Mar/2012:22:26:29] ENGINE Bus STOPPED
[01/Mar/2012:22:26:29] ENGINE Bus EXITING
[01/Mar/2012:22:26:29] ENGINE Bus EXITED
[01/Mar/2012:22:26:29] ENGINE Waiting for child threads to terminate...
[01/Mar/2012:22:26:30] ENGINE Listening for SIGHUP.
[01/Mar/2012:22:26:30] ENGINE Listening for SIGTERM.
[01/Mar/2012:22:26:30] ENGINE Listening for SIGUSR1.
[01/Mar/2012:22:26:30] ENGINE Bus STARTING
[01/Mar/2012:22:26:30] ENGINE Started monitor thread '_TimeoutMonitor'.
[01/Mar/2012:22:26:30] ENGINE Serving on 0.0.0.0:8081
[01/Mar/2012:22:26:30] ENGINE Bus STARTED
[01/Mar/2012:22:33:53] ENGINE Keyboard Interrupt: shutting down bus
[01/Mar/2012:22:33:53] ENGINE Bus STOPPING
[01/Mar/2012:22:33:58] ENGINE HTTP Server cherrypy._cpwsgi_server.CPWSGIServer(('0.0.0.0', 8081)) shut down
[01/Mar/2012:22:33:58] ENGINE Stopped thread '_TimeoutMonitor'.
[01/Mar/2012:22:33:58] ENGINE Bus STOPPED
[01/Mar/2012:22:33:58] ENGINE Bus EXITING
[01/Mar/2012:22:33:58] ENGINE Bus EXITED
[01/Mar/2012:22:33:58] ENGINE Waiting for child threads to terminate...
[01/Mar/2012:22:33:59] ENGINE Listening for SIGHUP.
[01/Mar/2012:22:33:59] ENGINE Listening for SIGTERM.
[01/Mar/2012:22:33:59] ENGINE Listening for SIGUSR1.
[01/Mar/2012:22:33:59] ENGINE Bus STARTING
[01/Mar/2012:22:33:59] ENGINE Started monitor thread '_TimeoutMonitor'.
[01/Mar/2012:22:34:00] ENGINE Serving on 0.0.0.0:8081
[01/Mar/2012:22:34:00] ENGINE Bus STARTED
[01/Mar/2012:22:34:05] HTTP Traceback (most recent call last):
  File "/Library/Python/2.7/site-packages/CherryPy-3.2.2-py2.7.egg/cherrypy/_cprequest.py", line 656, in respond
    response.body = self.handler()
  File "/Library/Python/2.7/site-packages/CherryPy-3.2.2-py2.7.egg/cherrypy/lib/encoding.py", line 188, in __call__
    self.body = self.oldhandler(*args, **kwargs)
  File "/Library/Python/2.7/site-packages/CherryPy-3.2.2-py2.7.egg/cherrypy/_cpdispatch.py", line 34, in __call__
    return self.callable(*self.args, **self.kwargs)
  File "servidor.py", line 79, in setCode
    self.code = code
NameError: global name 'code' is not defined

[01/Mar/2012:22:34:13] HTTP Traceback (most recent call last):
  File "/Library/Python/2.7/site-packages/CherryPy-3.2.2-py2.7.egg/cherrypy/_cprequest.py", line 656, in respond
    response.body = self.handler()
  File "/Library/Python/2.7/site-packages/CherryPy-3.2.2-py2.7.egg/cherrypy/lib/encoding.py", line 188, in __call__
    self.body = self.oldhandler(*args, **kwargs)
  File "/Library/Python/2.7/site-packages/CherryPy-3.2.2-py2.7.egg/cherrypy/_cpdispatch.py", line 34, in __call__
    return self.callable(*self.args, **self.kwargs)
  File "servidor.py", line 79, in setCode
    self.code = code
NameError: global name 'code' is not defined

[01/Mar/2012:22:34:15] HTTP Traceback (most recent call last):
  File "/Library/Python/2.7/site-packages/CherryPy-3.2.2-py2.7.egg/cherrypy/_cprequest.py", line 656, in respond
    response.body = self.handler()
  File "/Library/Python/2.7/site-packages/CherryPy-3.2.2-py2.7.egg/cherrypy/lib/encoding.py", line 188, in __call__
    self.body = self.oldhandler(*args, **kwargs)
  File "/Library/Python/2.7/site-packages/CherryPy-3.2.2-py2.7.egg/cherrypy/_cpdispatch.py", line 34, in __call__
    return self.callable(*self.args, **self.kwargs)
  File "servidor.py", line 79, in setCode
    self.code = code
NameError: global name 'code' is not defined

[01/Mar/2012:22:34:47] ENGINE Keyboard Interrupt: shutting down bus
[01/Mar/2012:22:34:47] ENGINE Bus STOPPING
[01/Mar/2012:22:34:51] ENGINE HTTP Server cherrypy._cpwsgi_server.CPWSGIServer(('0.0.0.0', 8081)) shut down
[01/Mar/2012:22:34:51] ENGINE Stopped thread '_TimeoutMonitor'.
[01/Mar/2012:22:34:51] ENGINE Bus STOPPED
[01/Mar/2012:22:34:51] ENGINE Bus EXITING
[01/Mar/2012:22:34:51] ENGINE Bus EXITED
[01/Mar/2012:22:34:51] ENGINE Waiting for child threads to terminate...
[01/Mar/2012:22:34:51] ENGINE Waiting for thread CP Server Thread-4.
[01/Mar/2012:22:36:51] ENGINE Listening for SIGHUP.
[01/Mar/2012:22:36:51] ENGINE Listening for SIGTERM.
[01/Mar/2012:22:36:51] ENGINE Listening for SIGUSR1.
[01/Mar/2012:22:36:51] ENGINE Bus STARTING
[01/Mar/2012:22:36:51] ENGINE Started monitor thread '_TimeoutMonitor'.
[01/Mar/2012:22:36:51] ENGINE Serving on 0.0.0.0:8081
[01/Mar/2012:22:36:51] ENGINE Bus STARTED
[01/Mar/2012:22:37:10] HTTP Traceback (most recent call last):
  File "/Library/Python/2.7/site-packages/CherryPy-3.2.2-py2.7.egg/cherrypy/_cprequest.py", line 656, in respond
    response.body = self.handler()
  File "/Library/Python/2.7/site-packages/CherryPy-3.2.2-py2.7.egg/cherrypy/lib/encoding.py", line 188, in __call__
    self.body = self.oldhandler(*args, **kwargs)
  File "/Library/Python/2.7/site-packages/CherryPy-3.2.2-py2.7.egg/cherrypy/_cpdispatch.py", line 34, in __call__
    return self.callable(*self.args, **self.kwargs)
  File "servidor.py", line 79, in setCode
    print "hola que tal!!"
NameError: global name 'code' is not defined

[01/Mar/2012:22:37:13] HTTP Traceback (most recent call last):
  File "/Library/Python/2.7/site-packages/CherryPy-3.2.2-py2.7.egg/cherrypy/_cprequest.py", line 656, in respond
    response.body = self.handler()
  File "/Library/Python/2.7/site-packages/CherryPy-3.2.2-py2.7.egg/cherrypy/lib/encoding.py", line 188, in __call__
    self.body = self.oldhandler(*args, **kwargs)
  File "/Library/Python/2.7/site-packages/CherryPy-3.2.2-py2.7.egg/cherrypy/_cpdispatch.py", line 34, in __call__
    return self.callable(*self.args, **self.kwargs)
  File "servidor.py", line 79, in setCode
    print "hola que tal!!"
NameError: global name 'code' is not defined

[01/Mar/2012:22:37:14] HTTP Traceback (most recent call last):
  File "/Library/Python/2.7/site-packages/CherryPy-3.2.2-py2.7.egg/cherrypy/_cprequest.py", line 656, in respond
    response.body = self.handler()
  File "/Library/Python/2.7/site-packages/CherryPy-3.2.2-py2.7.egg/cherrypy/lib/encoding.py", line 188, in __call__
    self.body = self.oldhandler(*args, **kwargs)
  File "/Library/Python/2.7/site-packages/CherryPy-3.2.2-py2.7.egg/cherrypy/_cpdispatch.py", line 34, in __call__
    return self.callable(*self.args, **self.kwargs)
  File "servidor.py", line 79, in setCode
    print "hola que tal!!"
NameError: global name 'code' is not defined

[01/Mar/2012:22:37:20] HTTP Traceback (most recent call last):
  File "/Library/Python/2.7/site-packages/CherryPy-3.2.2-py2.7.egg/cherrypy/_cprequest.py", line 656, in respond
    response.body = self.handler()
  File "/Library/Python/2.7/site-packages/CherryPy-3.2.2-py2.7.egg/cherrypy/lib/encoding.py", line 188, in __call__
    self.body = self.oldhandler(*args, **kwargs)
  File "/Library/Python/2.7/site-packages/CherryPy-3.2.2-py2.7.egg/cherrypy/_cpdispatch.py", line 34, in __call__
    return self.callable(*self.args, **self.kwargs)
  File "servidor.py", line 79, in setCode
    print "hola que tal!!"
NameError: global name 'code' is not defined

[01/Mar/2012:22:37:22] HTTP Traceback (most recent call last):
  File "/Library/Python/2.7/site-packages/CherryPy-3.2.2-py2.7.egg/cherrypy/_cprequest.py", line 656, in respond
    response.body = self.handler()
  File "/Library/Python/2.7/site-packages/CherryPy-3.2.2-py2.7.egg/cherrypy/lib/encoding.py", line 188, in __call__
    self.body = self.oldhandler(*args, **kwargs)
  File "/Library/Python/2.7/site-packages/CherryPy-3.2.2-py2.7.egg/cherrypy/_cpdispatch.py", line 34, in __call__
    return self.callable(*self.args, **self.kwargs)
  File "servidor.py", line 79, in setCode
    print "hola que tal!!"
NameError: global name 'code' is not defined

[01/Mar/2012:22:37:41] ENGINE Caught signal SIGHUP.
[01/Mar/2012:22:37:41] ENGINE SIGHUP caught while daemonized. Restarting.
[01/Mar/2012:22:37:41] ENGINE Bus STOPPING
[01/Mar/2012:22:37:41] ENGINE HTTP Server cherrypy._cpwsgi_server.CPWSGIServer(('0.0.0.0', 8081)) already shut down
[01/Mar/2012:22:37:41] ENGINE No thread running for None.
[01/Mar/2012:22:37:41] ENGINE Bus STOPPED
[01/Mar/2012:22:37:41] ENGINE Bus EXITING
[01/Mar/2012:22:37:41] ENGINE Bus EXITED
[01/Mar/2012:22:44:10] ENGINE Keyboard Interrupt: shutting down bus
[01/Mar/2012:22:44:10] ENGINE Bus STOPPING
[01/Mar/2012:22:44:15] ENGINE HTTP Server cherrypy._cpwsgi_server.CPWSGIServer(('0.0.0.0', 8081)) shut down
[01/Mar/2012:22:44:15] ENGINE Stopped thread '_TimeoutMonitor'.
[01/Mar/2012:22:44:15] ENGINE Bus STOPPED
[01/Mar/2012:22:44:15] ENGINE Bus EXITING
[01/Mar/2012:22:44:15] ENGINE Bus EXITED
[01/Mar/2012:22:44:15] ENGINE Waiting for child threads to terminate...
[01/Mar/2012:22:44:17] ENGINE Listening for SIGHUP.
[01/Mar/2012:22:44:17] ENGINE Listening for SIGTERM.
[01/Mar/2012:22:44:17] ENGINE Listening for SIGUSR1.
[01/Mar/2012:22:44:17] ENGINE Bus STARTING
[01/Mar/2012:22:44:17] ENGINE Started monitor thread '_TimeoutMonitor'.
[01/Mar/2012:22:44:17] ENGINE Serving on 0.0.0.0:8081
[01/Mar/2012:22:44:17] ENGINE Bus STARTED
[01/Mar/2012:22:50:55] ENGINE Keyboard Interrupt: shutting down bus
[01/Mar/2012:22:50:55] ENGINE Bus STOPPING
[01/Mar/2012:22:51:00] ENGINE HTTP Server cherrypy._cpwsgi_server.CPWSGIServer(('0.0.0.0', 8081)) shut down
[01/Mar/2012:22:51:00] ENGINE Stopped thread '_TimeoutMonitor'.
[01/Mar/2012:22:51:00] ENGINE Bus STOPPED
[01/Mar/2012:22:51:00] ENGINE Bus EXITING
[01/Mar/2012:22:51:00] ENGINE Bus EXITED
[01/Mar/2012:22:51:00] ENGINE Waiting for child threads to terminate...
[01/Mar/2012:22:51:02] ENGINE Listening for SIGHUP.
[01/Mar/2012:22:51:02] ENGINE Listening for SIGTERM.
[01/Mar/2012:22:51:02] ENGINE Listening for SIGUSR1.
[01/Mar/2012:22:51:02] ENGINE Bus STARTING
[01/Mar/2012:22:51:02] ENGINE Started monitor thread '_TimeoutMonitor'.
[01/Mar/2012:22:51:02] ENGINE Serving on 0.0.0.0:8081
[01/Mar/2012:22:51:02] ENGINE Bus STARTED
[01/Mar/2012:22:51:13] HTTP Traceback (most recent call last):
  File "/Library/Python/2.7/site-packages/CherryPy-3.2.2-py2.7.egg/cherrypy/_cprequest.py", line 656, in respond
    response.body = self.handler()
  File "/Library/Python/2.7/site-packages/CherryPy-3.2.2-py2.7.egg/cherrypy/lib/encoding.py", line 188, in __call__
    self.body = self.oldhandler(*args, **kwargs)
  File "/Library/Python/2.7/site-packages/CherryPy-3.2.2-py2.7.egg/cherrypy/_cpdispatch.py", line 34, in __call__
    return self.callable(*self.args, **self.kwargs)
  File "servidor.py", line 92, in getCode
    return "data:"+  tmp_order +"\n\n"
TypeError: cannot concatenate 'str' and 'dict' objects

[01/Mar/2012:22:51:49] HTTP Traceback (most recent call last):
  File "/Library/Python/2.7/site-packages/CherryPy-3.2.2-py2.7.egg/cherrypy/_cprequest.py", line 656, in respond
    response.body = self.handler()
  File "/Library/Python/2.7/site-packages/CherryPy-3.2.2-py2.7.egg/cherrypy/lib/encoding.py", line 188, in __call__
    self.body = self.oldhandler(*args, **kwargs)
  File "/Library/Python/2.7/site-packages/CherryPy-3.2.2-py2.7.egg/cherrypy/_cpdispatch.py", line 34, in __call__
    return self.callable(*self.args, **self.kwargs)
  File "servidor.py", line 92, in getCode
    return "data:"+  tmp_order +"\n\n"
TypeError: cannot concatenate 'str' and 'dict' objects

[01/Mar/2012:22:54:45] HTTP Traceback (most recent call last):
  File "/Library/Python/2.7/site-packages/CherryPy-3.2.2-py2.7.egg/cherrypy/_cprequest.py", line 656, in respond
    response.body = self.handler()
  File "/Library/Python/2.7/site-packages/CherryPy-3.2.2-py2.7.egg/cherrypy/lib/encoding.py", line 188, in __call__
    self.body = self.oldhandler(*args, **kwargs)
  File "/Library/Python/2.7/site-packages/CherryPy-3.2.2-py2.7.egg/cherrypy/_cpdispatch.py", line 34, in __call__
    return self.callable(*self.args, **self.kwargs)
  File "servidor.py", line 92, in getCode
TypeError: cannot concatenate 'str' and 'dict' objects

[01/Mar/2012:23:07:12] HTTP Traceback (most recent call last):
  File "/Library/Python/2.7/site-packages/CherryPy-3.2.2-py2.7.egg/cherrypy/_cprequest.py", line 656, in respond
    response.body = self.handler()
  File "/Library/Python/2.7/site-packages/CherryPy-3.2.2-py2.7.egg/cherrypy/lib/encoding.py", line 188, in __call__
    self.body = self.oldhandler(*args, **kwargs)
  File "/Library/Python/2.7/site-packages/CherryPy-3.2.2-py2.7.egg/cherrypy/_cpdispatch.py", line 34, in __call__
    return self.callable(*self.args, **self.kwargs)
  File "servidor.py", line 92, in getCode
TypeError: cannot concatenate 'str' and 'dict' objects

[01/Mar/2012:23:11:08] HTTP Traceback (most recent call last):
  File "/Library/Python/2.7/site-packages/CherryPy-3.2.2-py2.7.egg/cherrypy/_cprequest.py", line 656, in respond
    response.body = self.handler()
  File "/Library/Python/2.7/site-packages/CherryPy-3.2.2-py2.7.egg/cherrypy/lib/encoding.py", line 188, in __call__
    self.body = self.oldhandler(*args, **kwargs)
  File "/Library/Python/2.7/site-packages/CherryPy-3.2.2-py2.7.egg/cherrypy/_cpdispatch.py", line 34, in __call__
    return self.callable(*self.args, **self.kwargs)
  File "servidor.py", line 92, in getCode
TypeError: cannot concatenate 'str' and 'dict' objects

[01/Mar/2012:23:11:13] HTTP Traceback (most recent call last):
  File "/Library/Python/2.7/site-packages/CherryPy-3.2.2-py2.7.egg/cherrypy/_cprequest.py", line 656, in respond
    response.body = self.handler()
  File "/Library/Python/2.7/site-packages/CherryPy-3.2.2-py2.7.egg/cherrypy/lib/encoding.py", line 188, in __call__
    self.body = self.oldhandler(*args, **kwargs)
  File "/Library/Python/2.7/site-packages/CherryPy-3.2.2-py2.7.egg/cherrypy/_cpdispatch.py", line 34, in __call__
    return self.callable(*self.args, **self.kwargs)
  File "servidor.py", line 92, in getCode
TypeError: cannot concatenate 'str' and 'dict' objects

[01/Mar/2012:23:13:12] ENGINE Keyboard Interrupt: shutting down bus
[01/Mar/2012:23:13:12] ENGINE Bus STOPPING
[01/Mar/2012:23:13:12] ENGINE HTTP Server cherrypy._cpwsgi_server.CPWSGIServer(('0.0.0.0', 8081)) shut down
[01/Mar/2012:23:13:12] ENGINE Stopped thread '_TimeoutMonitor'.
[01/Mar/2012:23:13:12] ENGINE Bus STOPPED
[01/Mar/2012:23:13:12] ENGINE Bus EXITING
[01/Mar/2012:23:13:12] ENGINE Bus EXITED
[01/Mar/2012:23:13:12] ENGINE Waiting for child threads to terminate...
[01/Mar/2012:23:13:16] ENGINE Listening for SIGHUP.
[01/Mar/2012:23:13:16] ENGINE Listening for SIGTERM.
[01/Mar/2012:23:13:16] ENGINE Listening for SIGUSR1.
[01/Mar/2012:23:13:16] ENGINE Bus STARTING
[01/Mar/2012:23:13:16] ENGINE Started monitor thread '_TimeoutMonitor'.
[01/Mar/2012:23:13:16] ENGINE Serving on 0.0.0.0:8081
[01/Mar/2012:23:13:16] ENGINE Bus STARTED
[01/Mar/2012:23:13:51] ENGINE Keyboard Interrupt: shutting down bus
[01/Mar/2012:23:13:51] ENGINE Bus STOPPING
[01/Mar/2012:23:13:56] ENGINE HTTP Server cherrypy._cpwsgi_server.CPWSGIServer(('0.0.0.0', 8081)) shut down
[01/Mar/2012:23:13:56] ENGINE Stopped thread '_TimeoutMonitor'.
[01/Mar/2012:23:13:56] ENGINE Bus STOPPED
[01/Mar/2012:23:13:56] ENGINE Bus EXITING
[01/Mar/2012:23:13:56] ENGINE Bus EXITED
[01/Mar/2012:23:13:56] ENGINE Waiting for child threads to terminate...
[01/Mar/2012:23:13:57] ENGINE Listening for SIGHUP.
[01/Mar/2012:23:13:57] ENGINE Listening for SIGTERM.
[01/Mar/2012:23:13:57] ENGINE Listening for SIGUSR1.
[01/Mar/2012:23:13:57] ENGINE Bus STARTING
[01/Mar/2012:23:13:57] ENGINE Started monitor thread '_TimeoutMonitor'.
[01/Mar/2012:23:13:57] ENGINE Serving on 0.0.0.0:8081
[01/Mar/2012:23:13:57] ENGINE Bus STARTED
[01/Mar/2012:23:16:18] HTTP Traceback (most recent call last):
  File "/Library/Python/2.7/site-packages/CherryPy-3.2.2-py2.7.egg/cherrypy/_cprequest.py", line 656, in respond
    response.body = self.handler()
  File "/Library/Python/2.7/site-packages/CherryPy-3.2.2-py2.7.egg/cherrypy/lib/encoding.py", line 188, in __call__
    self.body = self.oldhandler(*args, **kwargs)
  File "/Library/Python/2.7/site-packages/CherryPy-3.2.2-py2.7.egg/cherrypy/_cpdispatch.py", line 34, in __call__
    return self.callable(*self.args, **self.kwargs)
  File "servidor.py", line 79, in setCode
    self.code = code['code']
KeyError: 'code'

[01/Mar/2012:23:16:24] HTTP Traceback (most recent call last):
  File "/Library/Python/2.7/site-packages/CherryPy-3.2.2-py2.7.egg/cherrypy/_cprequest.py", line 656, in respond
    response.body = self.handler()
  File "/Library/Python/2.7/site-packages/CherryPy-3.2.2-py2.7.egg/cherrypy/lib/encoding.py", line 188, in __call__
    self.body = self.oldhandler(*args, **kwargs)
  File "/Library/Python/2.7/site-packages/CherryPy-3.2.2-py2.7.egg/cherrypy/_cpdispatch.py", line 34, in __call__
    return self.callable(*self.args, **self.kwargs)
  File "servidor.py", line 79, in setCode
    self.code = code['code']
KeyError: 'code'

[01/Mar/2012:23:16:30] HTTP Traceback (most recent call last):
  File "/Library/Python/2.7/site-packages/CherryPy-3.2.2-py2.7.egg/cherrypy/_cprequest.py", line 656, in respond
    response.body = self.handler()
  File "/Library/Python/2.7/site-packages/CherryPy-3.2.2-py2.7.egg/cherrypy/lib/encoding.py", line 188, in __call__
    self.body = self.oldhandler(*args, **kwargs)
  File "/Library/Python/2.7/site-packages/CherryPy-3.2.2-py2.7.egg/cherrypy/_cpdispatch.py", line 34, in __call__
    return self.callable(*self.args, **self.kwargs)
  File "servidor.py", line 79, in setCode
    self.code = code['code']
KeyError: 'code'

[02/Mar/2012:00:24:36] ENGINE Keyboard Interrupt: shutting down bus
[02/Mar/2012:00:24:36] ENGINE Bus STOPPING
[02/Mar/2012:00:24:36] ENGINE HTTP Server cherrypy._cpwsgi_server.CPWSGIServer(('0.0.0.0', 8081)) shut down
[02/Mar/2012:00:24:36] ENGINE Stopped thread '_TimeoutMonitor'.
[02/Mar/2012:00:24:36] ENGINE Bus STOPPED
[02/Mar/2012:00:24:36] ENGINE Bus EXITING
[02/Mar/2012:00:24:36] ENGINE Bus EXITED
[02/Mar/2012:00:24:36] ENGINE Waiting for child threads to terminate...
[02/Mar/2012:00:24:39] ENGINE Listening for SIGHUP.
[02/Mar/2012:00:24:39] ENGINE Listening for SIGTERM.
[02/Mar/2012:00:24:39] ENGINE Listening for SIGUSR1.
[02/Mar/2012:00:24:39] ENGINE Bus STARTING
[02/Mar/2012:00:24:39] ENGINE Started monitor thread '_TimeoutMonitor'.
[02/Mar/2012:00:24:39] ENGINE Serving on 0.0.0.0:8081
[02/Mar/2012:00:24:39] ENGINE Bus STARTED
[02/Mar/2012:15:23:12] ENGINE Keyboard Interrupt: shutting down bus
[02/Mar/2012:15:23:12] ENGINE Bus STOPPING
[02/Mar/2012:15:23:12] ENGINE HTTP Server cherrypy._cpwsgi_server.CPWSGIServer(('0.0.0.0', 8081)) shut down
[02/Mar/2012:15:23:12] ENGINE Stopped thread '_TimeoutMonitor'.
[02/Mar/2012:15:23:12] ENGINE Bus STOPPED
[02/Mar/2012:15:23:12] ENGINE Bus EXITING
[02/Mar/2012:15:23:12] ENGINE Bus EXITED
[02/Mar/2012:15:23:12] ENGINE Waiting for child threads to terminate...
[02/Mar/2012:15:23:56] ENGINE Listening for SIGHUP.
[02/Mar/2012:15:23:56] ENGINE Listening for SIGTERM.
[02/Mar/2012:15:23:56] ENGINE Listening for SIGUSR1.
[02/Mar/2012:15:23:56] ENGINE Bus STARTING
[02/Mar/2012:15:23:56] ENGINE Started monitor thread '_TimeoutMonitor'.
[02/Mar/2012:15:23:56] ENGINE Serving on 0.0.0.0:8081
[02/Mar/2012:15:23:56] ENGINE Bus STARTED
[02/Mar/2012:15:32:22] ENGINE Keyboard Interrupt: shutting down bus
[02/Mar/2012:15:32:22] ENGINE Bus STOPPING
[02/Mar/2012:15:32:22] ENGINE HTTP Server cherrypy._cpwsgi_server.CPWSGIServer(('0.0.0.0', 8081)) shut down
[02/Mar/2012:15:32:22] ENGINE Stopped thread '_TimeoutMonitor'.
[02/Mar/2012:15:32:22] ENGINE Bus STOPPED
[02/Mar/2012:15:32:22] ENGINE Bus EXITING
[02/Mar/2012:15:32:22] ENGINE Bus EXITED
[02/Mar/2012:15:32:22] ENGINE Waiting for child threads to terminate...
[02/Mar/2012:15:32:25] ENGINE Listening for SIGHUP.
[02/Mar/2012:15:32:25] ENGINE Listening for SIGTERM.
[02/Mar/2012:15:32:25] ENGINE Listening for SIGUSR1.
[02/Mar/2012:15:32:25] ENGINE Bus STARTING
[02/Mar/2012:15:32:25] ENGINE Started monitor thread '_TimeoutMonitor'.
[02/Mar/2012:15:32:25] ENGINE Serving on 0.0.0.0:8081
[02/Mar/2012:15:32:25] ENGINE Bus STARTED
[02/Mar/2012:15:32:43] ENGINE Keyboard Interrupt: shutting down bus
[02/Mar/2012:15:32:43] ENGINE Bus STOPPING
[02/Mar/2012:15:32:43] ENGINE HTTP Server cherrypy._cpwsgi_server.CPWSGIServer(('0.0.0.0', 8081)) shut down
[02/Mar/2012:15:32:43] ENGINE Stopped thread '_TimeoutMonitor'.
[02/Mar/2012:15:32:43] ENGINE Bus STOPPED
[02/Mar/2012:15:32:43] ENGINE Bus EXITING
[02/Mar/2012:15:32:43] ENGINE Bus EXITED
[02/Mar/2012:15:32:43] ENGINE Waiting for child threads to terminate...
[02/Mar/2012:15:33:54] ENGINE Listening for SIGHUP.
[02/Mar/2012:15:33:54] ENGINE Listening for SIGTERM.
[02/Mar/2012:15:33:54] ENGINE Listening for SIGUSR1.
[02/Mar/2012:15:33:54] ENGINE Bus STARTING
[02/Mar/2012:15:33:54] ENGINE Started monitor thread '_TimeoutMonitor'.
[02/Mar/2012:15:33:54] ENGINE Serving on 0.0.0.0:8081
[02/Mar/2012:15:33:54] ENGINE Bus STARTED
[02/Mar/2012:15:35:37] HTTP Traceback (most recent call last):
  File "/Library/Python/2.7/site-packages/CherryPy-3.2.2-py2.7.egg/cherrypy/_cprequest.py", line 649, in respond
    self.body.process()
  File "/Library/Python/2.7/site-packages/CherryPy-3.2.2-py2.7.egg/cherrypy/_cpreqbody.py", line 949, in process
    super(RequestBody, self).process()
  File "/Library/Python/2.7/site-packages/CherryPy-3.2.2-py2.7.egg/cherrypy/_cpreqbody.py", line 515, in process
    proc(self)
  File "/Library/Python/2.7/site-packages/CherryPy-3.2.2-py2.7.egg/cherrypy/_cpreqbody.py", line 136, in process_urlencoded
    qs = entity.fp.read()
  File "/Library/Python/2.7/site-packages/CherryPy-3.2.2-py2.7.egg/cherrypy/_cpreqbody.py", line 788, in read
    data = self.fp.read(chunksize)
  File "/Library/Python/2.7/site-packages/CherryPy-3.2.2-py2.7.egg/cherrypy/wsgiserver/wsgiserver2.py", line 329, in read
    data = self.rfile.read(size)
  File "/Library/Python/2.7/site-packages/CherryPy-3.2.2-py2.7.egg/cherrypy/wsgiserver/wsgiserver2.py", line 1037, in read
    data = self.recv(left)
  File "/Library/Python/2.7/site-packages/CherryPy-3.2.2-py2.7.egg/cherrypy/wsgiserver/wsgiserver2.py", line 990, in recv
    data = self._sock.recv(size)
timeout: timed out

[02/Mar/2012:15:35:38] HTTP Traceback (most recent call last):
  File "/Library/Python/2.7/site-packages/CherryPy-3.2.2-py2.7.egg/cherrypy/_cprequest.py", line 649, in respond
    self.body.process()
  File "/Library/Python/2.7/site-packages/CherryPy-3.2.2-py2.7.egg/cherrypy/_cpreqbody.py", line 949, in process
    super(RequestBody, self).process()
  File "/Library/Python/2.7/site-packages/CherryPy-3.2.2-py2.7.egg/cherrypy/_cpreqbody.py", line 515, in process
    proc(self)
  File "/Library/Python/2.7/site-packages/CherryPy-3.2.2-py2.7.egg/cherrypy/_cpreqbody.py", line 136, in process_urlencoded
    qs = entity.fp.read()
  File "/Library/Python/2.7/site-packages/CherryPy-3.2.2-py2.7.egg/cherrypy/_cpreqbody.py", line 788, in read
    data = self.fp.read(chunksize)
  File "/Library/Python/2.7/site-packages/CherryPy-3.2.2-py2.7.egg/cherrypy/wsgiserver/wsgiserver2.py", line 329, in read
    data = self.rfile.read(size)
  File "/Library/Python/2.7/site-packages/CherryPy-3.2.2-py2.7.egg/cherrypy/wsgiserver/wsgiserver2.py", line 1037, in read
    data = self.recv(left)
  File "/Library/Python/2.7/site-packages/CherryPy-3.2.2-py2.7.egg/cherrypy/wsgiserver/wsgiserver2.py", line 990, in recv
    data = self._sock.recv(size)
timeout: timed out

[02/Mar/2012:15:35:40] HTTP Traceback (most recent call last):
  File "/Library/Python/2.7/site-packages/CherryPy-3.2.2-py2.7.egg/cherrypy/_cprequest.py", line 649, in respond
    self.body.process()
  File "/Library/Python/2.7/site-packages/CherryPy-3.2.2-py2.7.egg/cherrypy/_cpreqbody.py", line 949, in process
    super(RequestBody, self).process()
  File "/Library/Python/2.7/site-packages/CherryPy-3.2.2-py2.7.egg/cherrypy/_cpreqbody.py", line 515, in process
    proc(self)
  File "/Library/Python/2.7/site-packages/CherryPy-3.2.2-py2.7.egg/cherrypy/_cpreqbody.py", line 136, in process_urlencoded
    qs = entity.fp.read()
  File "/Library/Python/2.7/site-packages/CherryPy-3.2.2-py2.7.egg/cherrypy/_cpreqbody.py", line 788, in read
    data = self.fp.read(chunksize)
  File "/Library/Python/2.7/site-packages/CherryPy-3.2.2-py2.7.egg/cherrypy/wsgiserver/wsgiserver2.py", line 329, in read
    data = self.rfile.read(size)
  File "/Library/Python/2.7/site-packages/CherryPy-3.2.2-py2.7.egg/cherrypy/wsgiserver/wsgiserver2.py", line 1037, in read
    data = self.recv(left)
  File "/Library/Python/2.7/site-packages/CherryPy-3.2.2-py2.7.egg/cherrypy/wsgiserver/wsgiserver2.py", line 990, in recv
    data = self._sock.recv(size)
timeout: timed out

[02/Mar/2012:15:35:53] HTTP Traceback (most recent call last):
  File "/Library/Python/2.7/site-packages/CherryPy-3.2.2-py2.7.egg/cherrypy/_cprequest.py", line 649, in respond
    self.body.process()
  File "/Library/Python/2.7/site-packages/CherryPy-3.2.2-py2.7.egg/cherrypy/_cpreqbody.py", line 949, in process
    super(RequestBody, self).process()
  File "/Library/Python/2.7/site-packages/CherryPy-3.2.2-py2.7.egg/cherrypy/_cpreqbody.py", line 515, in process
    proc(self)
  File "/Library/Python/2.7/site-packages/CherryPy-3.2.2-py2.7.egg/cherrypy/_cpreqbody.py", line 136, in process_urlencoded
    qs = entity.fp.read()
  File "/Library/Python/2.7/site-packages/CherryPy-3.2.2-py2.7.egg/cherrypy/_cpreqbody.py", line 788, in read
    data = self.fp.read(chunksize)
  File "/Library/Python/2.7/site-packages/CherryPy-3.2.2-py2.7.egg/cherrypy/wsgiserver/wsgiserver2.py", line 329, in read
    data = self.rfile.read(size)
  File "/Library/Python/2.7/site-packages/CherryPy-3.2.2-py2.7.egg/cherrypy/wsgiserver/wsgiserver2.py", line 1037, in read
    data = self.recv(left)
  File "/Library/Python/2.7/site-packages/CherryPy-3.2.2-py2.7.egg/cherrypy/wsgiserver/wsgiserver2.py", line 990, in recv
    data = self._sock.recv(size)
timeout: timed out

[02/Mar/2012:15:35:59] HTTP Traceback (most recent call last):
  File "/Library/Python/2.7/site-packages/CherryPy-3.2.2-py2.7.egg/cherrypy/_cprequest.py", line 649, in respond
    self.body.process()
  File "/Library/Python/2.7/site-packages/CherryPy-3.2.2-py2.7.egg/cherrypy/_cpreqbody.py", line 949, in process
    super(RequestBody, self).process()
  File "/Library/Python/2.7/site-packages/CherryPy-3.2.2-py2.7.egg/cherrypy/_cpreqbody.py", line 515, in process
    proc(self)
  File "/Library/Python/2.7/site-packages/CherryPy-3.2.2-py2.7.egg/cherrypy/_cpreqbody.py", line 136, in process_urlencoded
    qs = entity.fp.read()
  File "/Library/Python/2.7/site-packages/CherryPy-3.2.2-py2.7.egg/cherrypy/_cpreqbody.py", line 788, in read
    data = self.fp.read(chunksize)
  File "/Library/Python/2.7/site-packages/CherryPy-3.2.2-py2.7.egg/cherrypy/wsgiserver/wsgiserver2.py", line 329, in read
    data = self.rfile.read(size)
  File "/Library/Python/2.7/site-packages/CherryPy-3.2.2-py2.7.egg/cherrypy/wsgiserver/wsgiserver2.py", line 1037, in read
    data = self.recv(left)
  File "/Library/Python/2.7/site-packages/CherryPy-3.2.2-py2.7.egg/cherrypy/wsgiserver/wsgiserver2.py", line 990, in recv
    data = self._sock.recv(size)
timeout: timed out

[02/Mar/2012:15:36:05] HTTP Traceback (most recent call last):
  File "/Library/Python/2.7/site-packages/CherryPy-3.2.2-py2.7.egg/cherrypy/_cprequest.py", line 649, in respond
    self.body.process()
  File "/Library/Python/2.7/site-packages/CherryPy-3.2.2-py2.7.egg/cherrypy/_cpreqbody.py", line 949, in process
    super(RequestBody, self).process()
  File "/Library/Python/2.7/site-packages/CherryPy-3.2.2-py2.7.egg/cherrypy/_cpreqbody.py", line 515, in process
    proc(self)
  File "/Library/Python/2.7/site-packages/CherryPy-3.2.2-py2.7.egg/cherrypy/_cpreqbody.py", line 136, in process_urlencoded
    qs = entity.fp.read()
  File "/Library/Python/2.7/site-packages/CherryPy-3.2.2-py2.7.egg/cherrypy/_cpreqbody.py", line 788, in read
    data = self.fp.read(chunksize)
  File "/Library/Python/2.7/site-packages/CherryPy-3.2.2-py2.7.egg/cherrypy/wsgiserver/wsgiserver2.py", line 329, in read
    data = self.rfile.read(size)
  File "/Library/Python/2.7/site-packages/CherryPy-3.2.2-py2.7.egg/cherrypy/wsgiserver/wsgiserver2.py", line 1037, in read
    data = self.recv(left)
  File "/Library/Python/2.7/site-packages/CherryPy-3.2.2-py2.7.egg/cherrypy/wsgiserver/wsgiserver2.py", line 990, in recv
    data = self._sock.recv(size)
timeout: timed out

[02/Mar/2012:15:36:07] HTTP Traceback (most recent call last):
  File "/Library/Python/2.7/site-packages/CherryPy-3.2.2-py2.7.egg/cherrypy/_cprequest.py", line 649, in respond
    self.body.process()
  File "/Library/Python/2.7/site-packages/CherryPy-3.2.2-py2.7.egg/cherrypy/_cpreqbody.py", line 949, in process
    super(RequestBody, self).process()
  File "/Library/Python/2.7/site-packages/CherryPy-3.2.2-py2.7.egg/cherrypy/_cpreqbody.py", line 515, in process
    proc(self)
  File "/Library/Python/2.7/site-packages/CherryPy-3.2.2-py2.7.egg/cherrypy/_cpreqbody.py", line 136, in process_urlencoded
    qs = entity.fp.read()
  File "/Library/Python/2.7/site-packages/CherryPy-3.2.2-py2.7.egg/cherrypy/_cpreqbody.py", line 788, in read
    data = self.fp.read(chunksize)
  File "/Library/Python/2.7/site-packages/CherryPy-3.2.2-py2.7.egg/cherrypy/wsgiserver/wsgiserver2.py", line 329, in read
    data = self.rfile.read(size)
  File "/Library/Python/2.7/site-packages/CherryPy-3.2.2-py2.7.egg/cherrypy/wsgiserver/wsgiserver2.py", line 1037, in read
    data = self.recv(left)
  File "/Library/Python/2.7/site-packages/CherryPy-3.2.2-py2.7.egg/cherrypy/wsgiserver/wsgiserver2.py", line 990, in recv
    data = self._sock.recv(size)
timeout: timed out

[02/Mar/2012:15:36:15] HTTP Traceback (most recent call last):
  File "/Library/Python/2.7/site-packages/CherryPy-3.2.2-py2.7.egg/cherrypy/_cprequest.py", line 649, in respond
    self.body.process()
  File "/Library/Python/2.7/site-packages/CherryPy-3.2.2-py2.7.egg/cherrypy/_cpreqbody.py", line 949, in process
    super(RequestBody, self).process()
  File "/Library/Python/2.7/site-packages/CherryPy-3.2.2-py2.7.egg/cherrypy/_cpreqbody.py", line 515, in process
    proc(self)
  File "/Library/Python/2.7/site-packages/CherryPy-3.2.2-py2.7.egg/cherrypy/_cpreqbody.py", line 136, in process_urlencoded
    qs = entity.fp.read()
  File "/Library/Python/2.7/site-packages/CherryPy-3.2.2-py2.7.egg/cherrypy/_cpreqbody.py", line 788, in read
    data = self.fp.read(chunksize)
  File "/Library/Python/2.7/site-packages/CherryPy-3.2.2-py2.7.egg/cherrypy/wsgiserver/wsgiserver2.py", line 329, in read
    data = self.rfile.read(size)
  File "/Library/Python/2.7/site-packages/CherryPy-3.2.2-py2.7.egg/cherrypy/wsgiserver/wsgiserver2.py", line 1037, in read
    data = self.recv(left)
  File "/Library/Python/2.7/site-packages/CherryPy-3.2.2-py2.7.egg/cherrypy/wsgiserver/wsgiserver2.py", line 990, in recv
    data = self._sock.recv(size)
timeout: timed out

[02/Mar/2012:15:39:47] HTTP Traceback (most recent call last):
  File "/Library/Python/2.7/site-packages/CherryPy-3.2.2-py2.7.egg/cherrypy/_cprequest.py", line 649, in respond
    self.body.process()
  File "/Library/Python/2.7/site-packages/CherryPy-3.2.2-py2.7.egg/cherrypy/_cpreqbody.py", line 949, in process
    super(RequestBody, self).process()
  File "/Library/Python/2.7/site-packages/CherryPy-3.2.2-py2.7.egg/cherrypy/_cpreqbody.py", line 515, in process
    proc(self)
  File "/Library/Python/2.7/site-packages/CherryPy-3.2.2-py2.7.egg/cherrypy/_cpreqbody.py", line 136, in process_urlencoded
    qs = entity.fp.read()
  File "/Library/Python/2.7/site-packages/CherryPy-3.2.2-py2.7.egg/cherrypy/_cpreqbody.py", line 788, in read
    data = self.fp.read(chunksize)
  File "/Library/Python/2.7/site-packages/CherryPy-3.2.2-py2.7.egg/cherrypy/wsgiserver/wsgiserver2.py", line 329, in read
    data = self.rfile.read(size)
  File "/Library/Python/2.7/site-packages/CherryPy-3.2.2-py2.7.egg/cherrypy/wsgiserver/wsgiserver2.py", line 1037, in read
    data = self.recv(left)
  File "/Library/Python/2.7/site-packages/CherryPy-3.2.2-py2.7.egg/cherrypy/wsgiserver/wsgiserver2.py", line 990, in recv
    data = self._sock.recv(size)
timeout: timed out

[02/Mar/2012:15:40:03] HTTP Traceback (most recent call last):
  File "/Library/Python/2.7/site-packages/CherryPy-3.2.2-py2.7.egg/cherrypy/_cprequest.py", line 649, in respond
    self.body.process()
  File "/Library/Python/2.7/site-packages/CherryPy-3.2.2-py2.7.egg/cherrypy/_cpreqbody.py", line 949, in process
    super(RequestBody, self).process()
  File "/Library/Python/2.7/site-packages/CherryPy-3.2.2-py2.7.egg/cherrypy/_cpreqbody.py", line 515, in process
    proc(self)
  File "/Library/Python/2.7/site-packages/CherryPy-3.2.2-py2.7.egg/cherrypy/_cpreqbody.py", line 136, in process_urlencoded
    qs = entity.fp.read()
  File "/Library/Python/2.7/site-packages/CherryPy-3.2.2-py2.7.egg/cherrypy/_cpreqbody.py", line 788, in read
    data = self.fp.read(chunksize)
  File "/Library/Python/2.7/site-packages/CherryPy-3.2.2-py2.7.egg/cherrypy/wsgiserver/wsgiserver2.py", line 329, in read
    data = self.rfile.read(size)
  File "/Library/Python/2.7/site-packages/CherryPy-3.2.2-py2.7.egg/cherrypy/wsgiserver/wsgiserver2.py", line 1037, in read
    data = self.recv(left)
  File "/Library/Python/2.7/site-packages/CherryPy-3.2.2-py2.7.egg/cherrypy/wsgiserver/wsgiserver2.py", line 990, in recv
    data = self._sock.recv(size)
timeout: timed out

[02/Mar/2012:15:40:25] HTTP Traceback (most recent call last):
  File "/Library/Python/2.7/site-packages/CherryPy-3.2.2-py2.7.egg/cherrypy/_cprequest.py", line 649, in respond
    self.body.process()
  File "/Library/Python/2.7/site-packages/CherryPy-3.2.2-py2.7.egg/cherrypy/_cpreqbody.py", line 949, in process
    super(RequestBody, self).process()
  File "/Library/Python/2.7/site-packages/CherryPy-3.2.2-py2.7.egg/cherrypy/_cpreqbody.py", line 515, in process
    proc(self)
  File "/Library/Python/2.7/site-packages/CherryPy-3.2.2-py2.7.egg/cherrypy/_cpreqbody.py", line 136, in process_urlencoded
    qs = entity.fp.read()
  File "/Library/Python/2.7/site-packages/CherryPy-3.2.2-py2.7.egg/cherrypy/_cpreqbody.py", line 788, in read
    data = self.fp.read(chunksize)
  File "/Library/Python/2.7/site-packages/CherryPy-3.2.2-py2.7.egg/cherrypy/wsgiserver/wsgiserver2.py", line 329, in read
    data = self.rfile.read(size)
  File "/Library/Python/2.7/site-packages/CherryPy-3.2.2-py2.7.egg/cherrypy/wsgiserver/wsgiserver2.py", line 1037, in read
    data = self.recv(left)
  File "/Library/Python/2.7/site-packages/CherryPy-3.2.2-py2.7.egg/cherrypy/wsgiserver/wsgiserver2.py", line 990, in recv
    data = self._sock.recv(size)
timeout: timed out

[02/Mar/2012:15:41:11] ENGINE Keyboard Interrupt: shutting down bus
[02/Mar/2012:15:41:11] ENGINE Bus STOPPING
[02/Mar/2012:15:41:16] ENGINE HTTP Server cherrypy._cpwsgi_server.CPWSGIServer(('0.0.0.0', 8081)) shut down
[02/Mar/2012:15:41:16] ENGINE Stopped thread '_TimeoutMonitor'.
[02/Mar/2012:15:41:16] ENGINE Bus STOPPED
[02/Mar/2012:15:41:16] ENGINE Bus EXITING
[02/Mar/2012:15:41:16] ENGINE Bus EXITED
[02/Mar/2012:15:41:16] ENGINE Waiting for child threads to terminate...
[02/Mar/2012:15:51:03] ENGINE Listening for SIGHUP.
[02/Mar/2012:15:51:03] ENGINE Listening for SIGTERM.
[02/Mar/2012:15:51:03] ENGINE Listening for SIGUSR1.
[02/Mar/2012:15:51:03] ENGINE Bus STARTING
[02/Mar/2012:15:51:03] ENGINE Started monitor thread '_TimeoutMonitor'.
[02/Mar/2012:15:51:03] ENGINE Serving on 0.0.0.0:8081
[02/Mar/2012:15:51:03] ENGINE Bus STARTED
[02/Mar/2012:15:59:30] ENGINE Keyboard Interrupt: shutting down bus
[02/Mar/2012:15:59:30] ENGINE Bus STOPPING
[02/Mar/2012:15:59:30] ENGINE HTTP Server cherrypy._cpwsgi_server.CPWSGIServer(('0.0.0.0', 8081)) shut down
[02/Mar/2012:15:59:30] ENGINE Stopped thread '_TimeoutMonitor'.
[02/Mar/2012:15:59:30] ENGINE Bus STOPPED
[02/Mar/2012:15:59:30] ENGINE Bus EXITING
[02/Mar/2012:15:59:30] ENGINE Bus EXITED
[02/Mar/2012:15:59:30] ENGINE Waiting for child threads to terminate...
[02/Mar/2012:17:29:47] ENGINE Listening for SIGHUP.
[02/Mar/2012:17:29:47] ENGINE Listening for SIGTERM.
[02/Mar/2012:17:29:47] ENGINE Listening for SIGUSR1.
[02/Mar/2012:17:29:47] ENGINE Bus STARTING
[02/Mar/2012:17:29:47] ENGINE Started monitor thread '_TimeoutMonitor'.
[02/Mar/2012:17:29:47] ENGINE Serving on 0.0.0.0:8081
[02/Mar/2012:17:29:47] ENGINE Bus STARTED
[04/Mar/2012:21:27:39] ENGINE Caught signal SIGHUP.
[04/Mar/2012:21:27:39] ENGINE SIGHUP caught but not daemonized. Exiting.
[04/Mar/2012:21:27:39] ENGINE Bus STOPPING
[04/Mar/2012:21:27:40] ENGINE HTTP Server cherrypy._cpwsgi_server.CPWSGIServer(('0.0.0.0', 8081)) shut down
[04/Mar/2012:21:27:40] ENGINE Stopped thread '_TimeoutMonitor'.
[04/Mar/2012:21:27:40] ENGINE Bus STOPPED
[04/Mar/2012:21:27:40] ENGINE Bus EXITING
[04/Mar/2012:21:27:40] ENGINE Bus EXITED
[04/Mar/2012:21:27:40] ENGINE Waiting for child threads to terminate...
[05/Mar/2012:21:34:43] ENGINE Listening for SIGHUP.
[05/Mar/2012:21:34:43] ENGINE Listening for SIGTERM.
[05/Mar/2012:21:34:43] ENGINE Listening for SIGUSR1.
[05/Mar/2012:21:34:43] ENGINE Bus STARTING
[05/Mar/2012:21:34:43] ENGINE Started monitor thread '_TimeoutMonitor'.
[05/Mar/2012:21:34:43] ENGINE Serving on 0.0.0.0:8081
[05/Mar/2012:21:34:43] ENGINE Bus STARTED
[05/Mar/2012:21:58:14] ENGINE Keyboard Interrupt: shutting down bus
[05/Mar/2012:21:58:14] ENGINE Bus STOPPING
[05/Mar/2012:21:58:14] ENGINE HTTP Server cherrypy._cpwsgi_server.CPWSGIServer(('0.0.0.0', 8081)) shut down
[05/Mar/2012:21:58:14] ENGINE Stopped thread '_TimeoutMonitor'.
[05/Mar/2012:21:58:14] ENGINE Bus STOPPED
[05/Mar/2012:21:58:14] ENGINE Bus EXITING
[05/Mar/2012:21:58:14] ENGINE Bus EXITED
[05/Mar/2012:21:58:14] ENGINE Waiting for child threads to terminate...
[06/Mar/2012:10:48:53] ENGINE Listening for SIGHUP.
[06/Mar/2012:10:48:53] ENGINE Listening for SIGTERM.
[06/Mar/2012:10:48:53] ENGINE Listening for SIGUSR1.
[06/Mar/2012:10:48:53] ENGINE Bus STARTING
[06/Mar/2012:10:48:53] ENGINE Started monitor thread '_TimeoutMonitor'.
[06/Mar/2012:10:48:53] ENGINE Serving on 0.0.0.0:8081
[06/Mar/2012:10:48:53] ENGINE Bus STARTED
